This is XeTeX, Version 3.141592653-2.6-0.999997 (TeX Live 2025) (preloaded format=xelatex 2025.8.26)  10 NOV 2025 14:38
entering extended mode
 restricted \write18 enabled.
 %&-line parsing enabled.
**Neoway_Manual.tex
(./Neoway_Manual.tex
LaTeX2e <2025-06-01> patch level 1
L3 programming layer <2025-08-13>
(./sphinxmanual.cls
Document Class: sphinxmanual 2019/12/01 v2.3.0 Document class (Sphinx manual)
(c:/texlive/2025/texmf-dist/tex/latex/base/report.cls
Document Class: report 2025/01/22 v1.4n Standard LaTeX document class
(c:/texlive/2025/texmf-dist/tex/latex/base/size11.clo
File: size11.clo 2025/01/22 v1.4n Standard LaTeX file (size option)
)
\c@part=\count271
\c@chapter=\count272
\c@section=\count273
\c@subsection=\count274
\c@subsubsection=\count275
\c@paragraph=\count276
\c@subparagraph=\count277
\c@figure=\count278
\c@table=\count279
\abovecaptionskip=\skip49
\belowcaptionskip=\skip50
\bibindent=\dimen148
)
LaTeX Info: Redefining \and on input line 35.
)
\sphinxpxdimen=\dimen149

(c:/texlive/2025/texmf-dist/tex/latex/cmap/cmap.sty
Package: cmap 2021/02/06 v1.0j CMap support: searchable PDF


Package cmap Warning: pdftex not detected - exiting.

) (c:/texlive/2025/texmf-dist/tex/xelatex/xecjk/xeCJK.sty
(c:/texlive/2025/texmf-dist/tex/latex/l3kernel/expl3.sty
Package: expl3 2025-08-13 L3 programming layer (loader) 

(c:/texlive/2025/texmf-dist/tex/latex/l3backend/l3backend-xetex.def
File: l3backend-xetex.def 2025-06-09 L3 backend support: XeTeX
\g__graphics_track_int=\count280
\g__pdfannot_backend_int=\count281
\g__pdfannot_backend_link_int=\count282
))
Package: xeCJK 2022/08/05 v3.9.1 Typesetting CJK scripts with XeLaTeX

(c:/texlive/2025/texmf-dist/tex/latex/ctex/ctexhook.sty
Package: ctexhook 2022/07/14 v2.5.10 Document and package hooks (CTEX)
)
(c:/texlive/2025/texmf-dist/tex/latex/l3packages/xtemplate/xtemplate.sty
Package: xtemplate 2024-08-16 L3 Experimental prototype document functions
)
\l__xeCJK_tmp_int=\count283
\l__xeCJK_tmp_box=\box53
\l__xeCJK_tmp_dim=\dimen150
\l__xeCJK_tmp_skip=\skip51
\g__xeCJK_space_factor_int=\count284
\l__xeCJK_begin_int=\count285
\l__xeCJK_end_int=\count286
\c__xeCJK_CJK_class_int=\XeTeXcharclass1
\c__xeCJK_FullLeft_class_int=\XeTeXcharclass2
\c__xeCJK_FullRight_class_int=\XeTeXcharclass3
\c__xeCJK_HalfLeft_class_int=\XeTeXcharclass4
\c__xeCJK_HalfRight_class_int=\XeTeXcharclass5
\c__xeCJK_NormalSpace_class_int=\XeTeXcharclass6
\c__xeCJK_CM_class_int=\XeTeXcharclass7
\c__xeCJK_HangulJamo_class_int=\XeTeXcharclass8
\l__xeCJK_last_skip=\skip52
\c__xeCJK_none_node=\count287
\g__xeCJK_node_int=\count288
\c__xeCJK_CJK_node_dim=\dimen151
\c__xeCJK_CJK-space_node_dim=\dimen152
\c__xeCJK_default_node_dim=\dimen153
\c__xeCJK_CJK-widow_node_dim=\dimen154
\c__xeCJK_normalspace_node_dim=\dimen155
\c__xeCJK_default-space_node_skip=\skip53
\l__xeCJK_ccglue_skip=\skip54
\l__xeCJK_ecglue_skip=\skip55
\l__xeCJK_punct_kern_skip=\skip56
\l__xeCJK_indent_box=\box54
\l__xeCJK_last_penalty_int=\count289
\l__xeCJK_last_bound_dim=\dimen156
\l__xeCJK_last_kern_dim=\dimen157
\l__xeCJK_widow_penalty_int=\count290

LaTeX template Info: Declaring template type 'xeCJK/punctuation' taking 0
(template)           argument(s) on line 2396.

\l__xeCJK_fixed_punct_width_dim=\dimen158
\l__xeCJK_mixed_punct_width_dim=\dimen159
\l__xeCJK_middle_punct_width_dim=\dimen160
\l__xeCJK_fixed_margin_width_dim=\dimen161
\l__xeCJK_mixed_margin_width_dim=\dimen162
\l__xeCJK_middle_margin_width_dim=\dimen163
\l__xeCJK_bound_punct_width_dim=\dimen164
\l__xeCJK_bound_margin_width_dim=\dimen165
\l__xeCJK_margin_minimum_dim=\dimen166
\l__xeCJK_kerning_total_width_dim=\dimen167
\l__xeCJK_same_align_margin_dim=\dimen168
\l__xeCJK_different_align_margin_dim=\dimen169
\l__xeCJK_kerning_margin_width_dim=\dimen170
\l__xeCJK_kerning_margin_minimum_dim=\dimen171
\l__xeCJK_bound_dim=\dimen172
\l__xeCJK_reverse_bound_dim=\dimen173
\l__xeCJK_margin_dim=\dimen174
\l__xeCJK_minimum_bound_dim=\dimen175
\l__xeCJK_kerning_margin_dim=\dimen176
\g__xeCJK_family_int=\count291
\l__xeCJK_fam_int=\count292
\g__xeCJK_fam_allocation_int=\count293
\l__xeCJK_verb_case_int=\count294
\l__xeCJK_verb_exspace_skip=\skip57

(c:/texlive/2025/texmf-dist/tex/latex/fontspec/fontspec.sty
(c:/texlive/2025/texmf-dist/tex/latex/l3packages/xparse/xparse.sty
Package: xparse 2024-08-16 L3 Experimental document command parser
)
Package: fontspec 2024/05/11 v2.9e Font selection for XeLaTeX and LuaLaTeX

(c:/texlive/2025/texmf-dist/tex/latex/fontspec/fontspec-xetex.sty
Package: fontspec-xetex 2024/05/11 v2.9e Font selection for XeLaTeX and LuaLaTe
X
\l__fontspec_script_int=\count295
\l__fontspec_language_int=\count296
\l__fontspec_strnum_int=\count297
\l__fontspec_tmp_int=\count298
\l__fontspec_tmpa_int=\count299
\l__fontspec_tmpb_int=\count300
\l__fontspec_tmpc_int=\count301
\l__fontspec_em_int=\count302
\l__fontspec_emdef_int=\count303
\l__fontspec_strong_int=\count304
\l__fontspec_strongdef_int=\count305
\l__fontspec_tmpa_dim=\dimen177
\l__fontspec_tmpb_dim=\dimen178
\l__fontspec_tmpc_dim=\dimen179

(c:/texlive/2025/texmf-dist/tex/latex/base/fontenc.sty
Package: fontenc 2024/12/21 v2.1c Standard LaTeX package
)
(c:/texlive/2025/texmf-dist/tex/latex/fontspec/fontspec.cfg)))
(c:/texlive/2025/texmf-dist/tex/xelatex/xecjk/xeCJK.cfg
File: xeCJK.cfg 2022/08/05 v3.9.1 Configuration file for xeCJK package
))
(c:/texlive/2025/texmf-dist/tex/latex/amsmath/amsmath.sty
Package: amsmath 2025/06/16 v2.17y AMS math features
\@mathmargin=\skip58

For additional information on amsmath, use the `?' option.
(c:/texlive/2025/texmf-dist/tex/latex/amsmath/amstext.sty
Package: amstext 2024/11/17 v2.01 AMS text

(c:/texlive/2025/texmf-dist/tex/latex/amsmath/amsgen.sty
File: amsgen.sty 1999/11/30 v2.0 generic functions
\@emptytoks=\toks17
\ex@=\dimen180
))
(c:/texlive/2025/texmf-dist/tex/latex/amsmath/amsbsy.sty
Package: amsbsy 1999/11/29 v1.2d Bold Symbols
\pmbraise@=\dimen181
)
(c:/texlive/2025/texmf-dist/tex/latex/amsmath/amsopn.sty
Package: amsopn 2022/04/08 v2.04 operator names
)
\inf@bad=\count306
LaTeX Info: Redefining \frac on input line 233.
\uproot@=\count307
\leftroot@=\count308
LaTeX Info: Redefining \overline on input line 398.
LaTeX Info: Redefining \colon on input line 409.
\classnum@=\count309
\DOTSCASE@=\count310
LaTeX Info: Redefining \ldots on input line 495.
LaTeX Info: Redefining \dots on input line 498.
LaTeX Info: Redefining \cdots on input line 619.
\Mathstrutbox@=\box55
\strutbox@=\box56
LaTeX Info: Redefining \big on input line 721.
LaTeX Info: Redefining \Big on input line 722.
LaTeX Info: Redefining \bigg on input line 723.
LaTeX Info: Redefining \Bigg on input line 724.
\big@size=\dimen182
LaTeX Font Info:    Redeclaring font encoding OML on input line 742.
LaTeX Font Info:    Redeclaring font encoding OMS on input line 743.
\macc@depth=\count311
LaTeX Info: Redefining \bmod on input line 904.
LaTeX Info: Redefining \pmod on input line 909.
LaTeX Info: Redefining \smash on input line 939.
LaTeX Info: Redefining \relbar on input line 969.
LaTeX Info: Redefining \Relbar on input line 970.
\c@MaxMatrixCols=\count312
\dotsspace@=\muskip17
\c@parentequation=\count313
\dspbrk@lvl=\count314
\tag@help=\toks18
\row@=\count315
\column@=\count316
\maxfields@=\count317
\andhelp@=\toks19
\eqnshift@=\dimen183
\alignsep@=\dimen184
\tagshift@=\dimen185
\tagwidth@=\dimen186
\totwidth@=\dimen187
\lineht@=\dimen188
\@envbody=\toks20
\multlinegap=\skip59
\multlinetaggap=\skip60
\mathdisplay@stack=\toks21
LaTeX Info: Redefining \[ on input line 2949.
LaTeX Info: Redefining \] on input line 2950.
)
(c:/texlive/2025/texmf-dist/tex/latex/amsfonts/amssymb.sty
Package: amssymb 2013/01/14 v3.01 AMS font symbols

(c:/texlive/2025/texmf-dist/tex/latex/amsfonts/amsfonts.sty
Package: amsfonts 2013/01/14 v3.01 Basic AMSFonts support
\symAMSa=\mathgroup4
\symAMSb=\mathgroup5
LaTeX Font Info:    Redeclaring math symbol \hbar on input line 98.
LaTeX Font Info:    Overwriting math alphabet `\mathfrak' in version `bold'
(Font)                  U/euf/m/n --> U/euf/b/n on input line 106.
))
(c:/texlive/2025/texmf-dist/tex/generic/babel/babel.sty
Package: babel 2025/08/03 v25.12 The multilingual framework for LuaLaTeX, pdfLa
TeX and XeLaTeX
\babel@savecnt=\count318
LaTeX Encoding Info:    Redeclaring text command \ij (encoding OT1) on input li
ne 2045.
LaTeX Encoding Info:    Redeclaring text command \IJ (encoding OT1) on input li
ne 2047.
LaTeX Encoding Info:    Redeclaring text command \ij (encoding T1) on input lin
e 2049.
LaTeX Encoding Info:    Redeclaring text command \IJ (encoding T1) on input lin
e 2050.
LaTeX Encoding Info:    Ignoring declaration for text command \ij (encoding ?) 
on input line 2051.
LaTeX Encoding Info:    Ignoring declaration for text command \IJ (encoding ?) 
on input line 2053.
LaTeX Encoding Info:    Ignoring declaration for text command \SS (encoding ?) 
on input line 2078.
\U@D=\dimen189
\l@unhyphenated=\language90

(c:/texlive/2025/texmf-dist/tex/generic/babel/xebabel.def)
\bbl@readstream=\read2
\bbl@dirlevel=\count319

(c:/texlive/2025/texmf-dist/tex/generic/babel-english/english.ldf
Language: english 2017/06/06 v3.3r English support from the babel system

(c:/texlive/2025/texmf-dist/tex/generic/babel/locale/en/babel-english.tex
Package babel Info: Importing font and identification data for english
(babel)             from babel-en.ini. Reported on input line 12.
)
Package babel Info: Hyphen rules for 'canadian' set to \l@english
(babel)             (\language0). Reported on input line 102.
Package babel Info: Hyphen rules for 'australian' set to \l@ukenglish
(babel)             (\language22). Reported on input line 105.
Package babel Info: Hyphen rules for 'newzealand' set to \l@ukenglish
(babel)             (\language22). Reported on input line 108.
))

Package fontspec Info: 
(fontspec)             Could not resolve font "Microsoft YaHei/I" (it probably
(fontspec)             doesn't exist).


Package fontspec Info: 
(fontspec)             Font family 'MicrosoftYaHei(0)' created for font
(fontspec)             'Microsoft YaHei' with options [Script={CJK}].
(fontspec)              
(fontspec)              This font family consists of the following NFSS
(fontspec)             series/shapes:
(fontspec)              
(fontspec)             - 'normal' (m/n) with NFSS spec.: <->"Microsoft
(fontspec)             YaHei/OT:script=hani;language=dflt;"
(fontspec)             - 'bold' (b/n) with NFSS spec.: <->"Microsoft
(fontspec)             YaHei/B/OT:script=hani;language=dflt;"
(fontspec)             - 'bold italic' (b/it) with NFSS spec.: <->"Microsoft
(fontspec)             YaHei/BI/OT:script=hani;language=dflt;"


Package fontspec Info: 
(fontspec)             Font family 'TimesNewRoman(0)' created for font 'Times
(fontspec)             New Roman' with options [Ligatures=TeX].
(fontspec)              
(fontspec)              This font family consists of the following NFSS
(fontspec)             series/shapes:
(fontspec)              
(fontspec)             - 'normal' (m/n) with NFSS spec.: <->"Times New
(fontspec)             Roman/OT:script=latn;language=dflt;mapping=tex-text;"
(fontspec)             - 'small caps'  (m/sc) with NFSS spec.: <->"Times New
(fontspec)             Roman/OT:script=latn;language=dflt;+smcp;mapping=tex-tex
t;"
(fontspec)             - 'bold' (b/n) with NFSS spec.: <->"Times New
(fontspec)             Roman/B/OT:script=latn;language=dflt;mapping=tex-text;"
(fontspec)             - 'bold small caps'  (b/sc) with NFSS spec.: <->"Times
(fontspec)             New
(fontspec)             Roman/B/OT:script=latn;language=dflt;+smcp;mapping=tex-t
ext;"
(fontspec)             - 'italic' (m/it) with NFSS spec.: <->"Times New
(fontspec)             Roman/I/OT:script=latn;language=dflt;mapping=tex-text;"
(fontspec)             - 'italic small caps'  (m/scit) with NFSS spec.:
(fontspec)             <->"Times New
(fontspec)             Roman/I/OT:script=latn;language=dflt;+smcp;mapping=tex-t
ext;"
(fontspec)             - 'bold italic' (b/it) with NFSS spec.: <->"Times New
(fontspec)             Roman/BI/OT:script=latn;language=dflt;mapping=tex-text;"

(fontspec)             - 'bold italic small caps'  (b/scit) with NFSS spec.:
(fontspec)             <->"Times New
(fontspec)             Roman/BI/OT:script=latn;language=dflt;+smcp;mapping=tex-
text;"


Package fontspec Info: 
(fontspec)             Font family 'Arial(0)' created for font 'Arial' with
(fontspec)             options [Ligatures=TeX].
(fontspec)              
(fontspec)              This font family consists of the following NFSS
(fontspec)             series/shapes:
(fontspec)              
(fontspec)             - 'normal' (m/n) with NFSS spec.:
(fontspec)             <->"Arial/OT:script=latn;language=dflt;mapping=tex-text;
"
(fontspec)             - 'small caps'  (m/sc) with NFSS spec.:
(fontspec)             <->"Arial/OT:script=latn;language=dflt;+smcp;mapping=tex
-text;"
(fontspec)             - 'bold' (b/n) with NFSS spec.:
(fontspec)             <->"Arial/B/OT:script=latn;language=dflt;mapping=tex-tex
t;"
(fontspec)             - 'bold small caps'  (b/sc) with NFSS spec.:
(fontspec)             <->"Arial/B/OT:script=latn;language=dflt;+smcp;mapping=t
ex-text;"
(fontspec)             - 'italic' (m/it) with NFSS spec.:
(fontspec)             <->"Arial/I/OT:script=latn;language=dflt;mapping=tex-tex
t;"
(fontspec)             - 'italic small caps'  (m/scit) with NFSS spec.:
(fontspec)             <->"Arial/I/OT:script=latn;language=dflt;+smcp;mapping=t
ex-text;"
(fontspec)             - 'bold italic' (b/it) with NFSS spec.:
(fontspec)             <->"Arial/BI/OT:script=latn;language=dflt;mapping=tex-te
xt;"
(fontspec)             - 'bold italic small caps'  (b/scit) with NFSS spec.:
(fontspec)             <->"Arial/BI/OT:script=latn;language=dflt;+smcp;mapping=
tex-text;"


Package fontspec Info: 
(fontspec)             Font family 'Consolas(0)' created for font 'Consolas'
(fontspec)             with options
(fontspec)             [WordSpace={1,0,0},HyphenChar=None,PunctuationSpace=Word
Space].
(fontspec)              
(fontspec)              This font family consists of the following NFSS
(fontspec)             series/shapes:
(fontspec)              
(fontspec)             - 'normal' (m/n) with NFSS spec.:
(fontspec)             <->"Consolas/OT:script=latn;language=dflt;"
(fontspec)             - 'bold' (b/n) with NFSS spec.:
(fontspec)             <->"Consolas/B/OT:script=latn;language=dflt;"
(fontspec)             - 'italic' (m/it) with NFSS spec.:
(fontspec)             <->"Consolas/I/OT:script=latn;language=dflt;"
(fontspec)             - 'bold italic' (b/it) with NFSS spec.:
(fontspec)             <->"Consolas/BI/OT:script=latn;language=dflt;"


(c:/texlive/2025/texmf-dist/tex/latex/fncychap/fncychap.sty
Package: fncychap 2007/07/30 v1.34 LaTeX package (Revised chapters)
\RW=\skip61
\mylen=\skip62
\myhi=\skip63
\px=\skip64
\py=\skip65
\pyy=\skip66
\pxx=\skip67
) (./sphinx.sty
Package: sphinx 2024/11/23 v8.2.0 Sphinx LaTeX package (sphinx-doc)

(c:/texlive/2025/texmf-dist/tex/generic/ltxcmds/ltxcmds.sty
Package: ltxcmds 2023-12-04 v1.26 LaTeX kernel commands for general use (HO)
)
(c:/texlive/2025/texmf-dist/tex/latex/xcolor/xcolor.sty
Package: xcolor 2024/09/29 v3.02 LaTeX color extensions (UK)

(c:/texlive/2025/texmf-dist/tex/latex/graphics-cfg/color.cfg
File: color.cfg 2016/01/02 v1.6 sample color configuration
)
Package xcolor Info: Driver file: xetex.def on input line 274.

(c:/texlive/2025/texmf-dist/tex/latex/graphics-def/xetex.def
File: xetex.def 2022/09/22 v5.0n Graphics/color driver for xetex
)
(c:/texlive/2025/texmf-dist/tex/latex/graphics/mathcolor.ltx)
Package xcolor Info: Model `cmy' substituted by `cmy0' on input line 1349.
Package xcolor Info: Model `RGB' extended on input line 1365.
Package xcolor Info: Model `HTML' substituted by `rgb' on input line 1367.
Package xcolor Info: Model `Hsb' substituted by `hsb' on input line 1368.
Package xcolor Info: Model `tHsb' substituted by `hsb' on input line 1369.
Package xcolor Info: Model `HSB' substituted by `hsb' on input line 1370.
Package xcolor Info: Model `Gray' substituted by `gray' on input line 1371.
Package xcolor Info: Model `wave' substituted by `hsb' on input line 1372.
)
(c:/texlive/2025/texmf-dist/tex/latex/kvoptions/kvoptions.sty
Package: kvoptions 2022-06-15 v3.15 Key value format for package options (HO)

(c:/texlive/2025/texmf-dist/tex/latex/graphics/keyval.sty
Package: keyval 2022/05/29 v1.15 key=value parser (DPC)
\KV@toks@=\toks22
)
(c:/texlive/2025/texmf-dist/tex/latex/kvsetkeys/kvsetkeys.sty
Package: kvsetkeys 2022-10-05 v1.19 Key value parser (HO)
))
(./sphinxoptionshyperref.sty
Package: sphinxoptionshyperref 2021/01/27 hyperref
) (./sphinxoptionsgeometry.sty
Package: sphinxoptionsgeometry 2021/01/27 geometry
)
(c:/texlive/2025/texmf-dist/tex/latex/base/textcomp.sty
Package: textcomp 2024/04/24 v2.1b Standard LaTeX package
)
(c:/texlive/2025/texmf-dist/tex/latex/float/float.sty
Package: float 2001/11/08 v1.3d Float enhancements (AL)
\c@float@type=\count320
\float@exts=\toks23
\float@box=\box57
\@float@everytoks=\toks24
\@floatcapt=\box58
)
(c:/texlive/2025/texmf-dist/tex/latex/wrapfig/wrapfig.sty
\wrapoverhang=\dimen190
\WF@size=\dimen191
\c@WF@wrappedlines=\count321
\WF@box=\box59
\WF@everypar=\toks25
Package: wrapfig 2003/01/31  v 3.6
)
(c:/texlive/2025/texmf-dist/tex/latex/capt-of/capt-of.sty
Package: capt-of 2009/12/29 v0.2 standard captions outside of floats
)
(c:/texlive/2025/texmf-dist/tex/latex/tools/multicol.sty
Package: multicol 2025/05/25 v2.0a multicolumn formatting (FMi)
\c@tracingmulticols=\count322
\mult@box=\box60
\multicol@leftmargin=\dimen192
\c@unbalance=\count323
\c@collectmore=\count324
\doublecol@number=\count325
\multicoltolerance=\count326
\multicolpretolerance=\count327
\full@width=\dimen193
\page@free=\dimen194
\premulticols=\dimen195
\postmulticols=\dimen196
\multicolsep=\skip68
\multicolbaselineskip=\skip69
\partial@page=\box61
\last@line=\box62
\mc@boxedresult=\box63
\maxbalancingoverflow=\dimen197
\mult@rightbox=\box64
\mult@grightbox=\box65
\mult@firstbox=\box66
\mult@gfirstbox=\box67
\@tempa=\box68
\@tempa=\box69
\@tempa=\box70
\@tempa=\box71
\@tempa=\box72
\@tempa=\box73
\@tempa=\box74
\@tempa=\box75
\@tempa=\box76
\@tempa=\box77
\@tempa=\box78
\@tempa=\box79
\@tempa=\box80
\@tempa=\box81
\@tempa=\box82
\@tempa=\box83
\@tempa=\box84
\@tempa=\box85
\@tempa=\box86
\@tempa=\box87
\@tempa=\box88
\@tempa=\box89
\@tempa=\box90
\@tempa=\box91
\@tempa=\box92
\@tempa=\box93
\@tempa=\box94
\@tempa=\box95
\@tempa=\box96
\@tempa=\box97
\@tempa=\box98
\@tempa=\box99
\@tempa=\box100
\@tempa=\box101
\@tempa=\box102
\@tempa=\box103
\c@minrows=\count328
\c@columnbadness=\count329
\c@finalcolumnbadness=\count330
\last@try=\dimen198
\multicolovershoot=\dimen199
\multicolundershoot=\dimen256
\mult@nat@firstbox=\box104
\colbreak@box=\box105
\mc@col@check@num=\count331
\g__mc_curr_col_int=\count332
)
(c:/texlive/2025/texmf-dist/tex/latex/graphics/graphicx.sty
Package: graphicx 2024/12/31 v1.2e Enhanced LaTeX Graphics (DPC,SPQR)

(c:/texlive/2025/texmf-dist/tex/latex/graphics/graphics.sty
Package: graphics 2024/08/06 v1.4g Standard LaTeX Graphics (DPC,SPQR)

(c:/texlive/2025/texmf-dist/tex/latex/graphics/trig.sty
Package: trig 2023/12/02 v1.11 sin cos tan (DPC)
)
(c:/texlive/2025/texmf-dist/tex/latex/graphics-cfg/graphics.cfg
File: graphics.cfg 2016/06/04 v1.11 sample graphics configuration
)
Package graphics Info: Driver file: xetex.def on input line 106.
)
\Gin@req@height=\dimen257
\Gin@req@width=\dimen258
)
(./sphinxlatexgraphics.sty
Package: sphinxlatexgraphics 2024/08/13 v8.1.0 graphics
\spx@image@maxheight=\dimen259
\spx@image@box=\box106
) (./sphinxpackageboxes.sty
Package: sphinxpackageboxes 2024/07/01 v7.4.0 advanced colored boxes

(c:/texlive/2025/texmf-dist/tex/latex/pict2e/pict2e.sty
Package: pict2e 2020/09/30 v0.4b Improved picture commands (HjG,RN,JT)

(c:/texlive/2025/texmf-dist/tex/latex/pict2e/pict2e.cfg
File: pict2e.cfg 2016/02/05 v0.1u pict2e configuration for teTeX/TeXLive
)
Package pict2e Info: Driver file: xetex.def on input line 112.
Package pict2e Info: Driver file for pict2e: p2e-xetex.def on input line 114.

(c:/texlive/2025/texmf-dist/tex/latex/pict2e/p2e-xetex.def
File: p2e-xetex.def 2016/02/05 v0.1u Driver-dependant file (RN,HjG,JT)
)
\pIIe@GRAPH=\toks26
\@arclen=\dimen260
\@arcrad=\dimen261
\pIIe@tempdima=\dimen262
\pIIe@tempdimb=\dimen263
\pIIe@tempdimc=\dimen264
\pIIe@tempdimd=\dimen265
\pIIe@tempdime=\dimen266
\pIIe@tempdimf=\dimen267
)
(c:/texlive/2025/texmf-dist/tex/latex/ellipse/ellipse.sty
Package: ellipse 2004/11/05 v1.0 .dtx ellipse file
)
\@tempdimd=\dimen268
\spx@tempboxa=\box107
\spx@tempboxb=\box108
\spx@boxes@border@top=\dimen269
\spx@boxes@border@right=\dimen270
\spx@boxes@border@bottom=\dimen271
\spx@boxes@border@left=\dimen272
\spx@boxes@padding@top=\dimen273
\spx@boxes@padding@right=\dimen274
\spx@boxes@padding@bottom=\dimen275
\spx@boxes@padding@left=\dimen276
\spx@boxes@shadow@xoffset=\dimen277
\spx@boxes@shadow@yoffset=\dimen278
\spx@boxes@radius@topleft@x=\dimen279
\spx@boxes@radius@topright@x=\dimen280
\spx@boxes@radius@bottomright@x=\dimen281
\spx@boxes@radius@bottomleft@x=\dimen282
\spx@boxes@radius@topleft@y=\dimen283
\spx@boxes@radius@topright@y=\dimen284
\spx@boxes@radius@bottomright@y=\dimen285
\spx@boxes@radius@bottomleft@y=\dimen286
)
(./sphinxlatexadmonitions.sty
Package: sphinxlatexadmonitions 2024/10/11 v8.1.1 admonitions

(c:/texlive/2025/texmf-dist/tex/latex/framed/framed.sty
Package: framed 2011/10/22 v 0.96: framed or shaded text with page breaks
\OuterFrameSep=\skip70
\fb@frw=\dimen287
\fb@frh=\dimen288
\FrameRule=\dimen289
\FrameSep=\dimen290
)
(./sphinxpackagefootnote.sty
Package: sphinxpackagefootnote 2024/05/17 v7.3.x Sphinx custom footnotehyper pa
ckage (Sphinx team)
\FNH@notes=\box109
\FNH@toks=\toks27
\FNH@width=\dimen291
\c@sphinxfootnotemark=\count333
)
\spx@notice@border=\dimen292
\c@sphinxtodo=\count334
) (./sphinxlatexliterals.sty
Package: sphinxlatexliterals 2024/07/01 v7.4.0 code-blocks and parsed literals

(c:/texlive/2025/texmf-dist/tex/latex/fancyvrb/fancyvrb.sty
Package: fancyvrb 2025/07/28 4.6 verbatim text (tvz,hv)
\FV@CodeLineNo=\count335
\FV@InFile=\read3
\FV@TabBox=\box110
\c@FancyVerbLine=\count336
\FV@StepNumber=\count337
\FV@OutFile=\write3
)
(c:/texlive/2025/texmf-dist/tex/latex/base/alltt.sty
Package: alltt 2024/07/07 v2.0g defines alltt environment
)
(c:/texlive/2025/texmf-dist/tex/latex/upquote/upquote.sty
Package: upquote 2012/04/19 v1.3 upright-quote and grave-accent glyphs in verba
tim
)
(c:/texlive/2025/texmf-dist/tex/latex/needspace/needspace.sty
Package: needspace 2025/03/13 v1.3e reserve vertical space
)
\sphinxcontinuationbox=\box111
\sphinxvisiblespacebox=\box112
\sphinxVerbatim@TitleBox=\box113
\sphinxVerbatim@ContentsBox=\box114
)
(./sphinxlatexshadowbox.sty
Package: sphinxlatexshadowbox 2024/07/28 v8.1.0 sphinxShadowBox
) (./sphinxlatexcontainers.sty
Package: sphinxlatexcontainers 2021/05/03 containers
)
(./sphinxhighlight.sty
Package: sphinxhighlight 2022/06/30 stylesheet for highlighting with pygments
) (./sphinxlatextables.sty
Package: sphinxlatextables 2024/07/01 v7.4.0 tables

(c:/texlive/2025/texmf-dist/tex/latex/tabulary/tabulary.sty
Package: tabulary 2024/06/04 v0.11 tabulary package (DPC)

(c:/texlive/2025/texmf-dist/tex/latex/tools/array.sty
Package: array 2025/06/08 v2.6j Tabular extension package (FMi)
\col@sep=\dimen293
\ar@mcellbox=\box115
\extrarowheight=\dimen294
\NC@list=\toks28
\extratabsurround=\skip71
\backup@length=\skip72
\ar@cellbox=\box116
)
\TY@count=\count338
\TY@linewidth=\dimen295
\tymin=\dimen296
\tymax=\dimen297
\TY@tablewidth=\dimen298
)
(c:/texlive/2025/texmf-dist/tex/latex/tools/longtable.sty
Package: longtable 2024-12-18 v4.23 Multi-page Table package (DPC)
\LTleft=\skip73
\LTright=\skip74
\LTpre=\skip75
\LTpost=\skip76
\LTchunksize=\count339
\LTcapwidth=\dimen299
\LT@head=\box117
\LT@firsthead=\box118
\LT@foot=\box119
\LT@lastfoot=\box120
\LT@gbox=\box121
\LT@cols=\count340
\LT@rows=\count341
\c@LT@tables=\count342
\c@LT@chunks=\count343
\LT@p@ftn=\toks29
)
(c:/texlive/2025/texmf-dist/tex/latex/varwidth/varwidth.sty
Package: varwidth 2009/03/30 ver 0.92;  Variable-width minipages
\@vwid@box=\box122
\sift@deathcycles=\count344
\@vwid@loff=\dimen300
\@vwid@roff=\dimen301
)
==> First Aid for varwidth.sty applied!
\sphinx@TY@tablewidth=\dimen302
(c:/texlive/2025/texmf-dist/tex/latex/colortbl/colortbl.sty
Package: colortbl 2024/10/29 v1.0k Color table columns (DPC)
\everycr=\toks30
\minrowclearance=\skip77
\rownum=\count345
)
(c:/texlive/2025/texmf-dist/tex/latex/booktabs/booktabs.sty
Package: booktabs 2020/01/12 v1.61803398 Publication quality tables
\heavyrulewidth=\dimen303
\lightrulewidth=\dimen304
\cmidrulewidth=\dimen305
\belowrulesep=\dimen306
\belowbottomsep=\dimen307
\aboverulesep=\dimen308
\abovetopsep=\dimen309
\cmidrulesep=\dimen310
\cmidrulekern=\dimen311
\defaultaddspace=\dimen312
\@cmidla=\count346
\@cmidlb=\count347
\@aboverulesep=\dimen313
\@belowrulesep=\dimen314
\@thisruleclass=\count348
\@lastruleclass=\count349
\@thisrulewidth=\dimen315
))
(./sphinxlatexnumfig.sty
Package: sphinxlatexnumfig 2024/07/31 v8.1.0 numbering
) (./sphinxlatexlists.sty
Package: sphinxlatexlists 2021/12/20 lists
\spx@lineitemlabel=\toks31
)
\c@sphinxscope=\count350
 (./sphinxlatexindbibtoc.sty
Package: sphinxlatexindbibtoc 2021/01/27 index, bib., toc

(c:/texlive/2025/texmf-dist/tex/latex/base/makeidx.sty
Package: makeidx 2021/10/04 v1.0m Standard LaTeX package
))
(./sphinxlatexstylepage.sty
Package: sphinxlatexstylepage 2021/01/27 page styling

(c:/texlive/2025/texmf-dist/tex/latex/parskip/parskip.sty
Package: parskip 2021-03-14 v2.0h non-zero parskip adjustments

(c:/texlive/2025/texmf-dist/tex/latex/etoolbox/etoolbox.sty
Package: etoolbox 2025/02/11 v2.5l e-TeX tools for LaTeX (JAW)
\etb@tempcnta=\count351
))
(c:/texlive/2025/texmf-dist/tex/latex/fancyhdr/fancyhdr.sty
Package: fancyhdr 2025/02/07 v5.2 Extensive control of page headers and footers

\f@nch@headwidth=\skip78
\f@nch@offset@elh=\skip79
\f@nch@offset@erh=\skip80
\f@nch@offset@olh=\skip81
\f@nch@offset@orh=\skip82
\f@nch@offset@elf=\skip83
\f@nch@offset@erf=\skip84
\f@nch@offset@olf=\skip85
\f@nch@offset@orf=\skip86
\f@nch@height=\skip87
\f@nch@footalignment=\skip88
\f@nch@widthL=\skip89
\f@nch@widthC=\skip90
\f@nch@widthR=\skip91
\@temptokenb=\toks32
))
(./sphinxlatexstyleheadings.sty
Package: sphinxlatexstyleheadings 2023/02/11 headings

(c:/texlive/2025/texmf-dist/tex/latex/titlesec/titlesec.sty
Package: titlesec 2025/01/04 v2.17 Sectioning titles
\ttl@box=\box123
\beforetitleunit=\skip92
\aftertitleunit=\skip93
\ttl@plus=\dimen316
\ttl@minus=\dimen317
\ttl@toksa=\toks33
\titlewidth=\dimen318
\titlewidthlast=\dimen319
\titlewidthfirst=\dimen320
))
(./sphinxlatexstyletext.sty
Package: sphinxlatexstyletext 2024/07/28 v8.1.0 text styling
) (./sphinxlatexobjects.sty
Package: sphinxlatexobjects 2025/02/11 documentation environments
\sphinxsignaturesep=\skip94
\sphinxsignaturelistskip=\skip95
\py@argswidth=\skip96
\lineblockindentation=\skip97
\DUlineblockindent=\skip98
))
(c:/texlive/2025/texmf-dist/tex/latex/geometry/geometry.sty
Package: geometry 2020/01/02 v5.9 Page Geometry

(c:/texlive/2025/texmf-dist/tex/generic/iftex/ifvtex.sty
Package: ifvtex 2019/10/25 v1.7 ifvtex legacy package. Use iftex instead.

(c:/texlive/2025/texmf-dist/tex/generic/iftex/iftex.sty
Package: iftex 2024/12/12 v1.0g TeX engine tests
))
\Gm@cnth=\count352
\Gm@cntv=\count353
\c@Gm@tempcnt=\count354
\Gm@bindingoffset=\dimen321
\Gm@wd@mp=\dimen322
\Gm@odd@mp=\dimen323
\Gm@even@mp=\dimen324
\Gm@layoutwidth=\dimen325
\Gm@layoutheight=\dimen326
\Gm@layouthoffset=\dimen327
\Gm@layoutvoffset=\dimen328
\Gm@dimlist=\toks34
)
(c:/texlive/2025/texmf-dist/tex/latex/hyperref/hyperref.sty
Package: hyperref 2025-07-12 v7.01o Hypertext links for LaTeX

(c:/texlive/2025/texmf-dist/tex/generic/kvdefinekeys/kvdefinekeys.sty
Package: kvdefinekeys 2019-12-19 v1.6 Define keys (HO)
)
(c:/texlive/2025/texmf-dist/tex/generic/pdfescape/pdfescape.sty
Package: pdfescape 2019/12/09 v1.15 Implements pdfTeX's escape features (HO)

(c:/texlive/2025/texmf-dist/tex/generic/pdftexcmds/pdftexcmds.sty
Package: pdftexcmds 2020-06-27 v0.33 Utility functions of pdfTeX for LuaTeX (HO
)

(c:/texlive/2025/texmf-dist/tex/generic/infwarerr/infwarerr.sty
Package: infwarerr 2019/12/03 v1.5 Providing info/warning/error messages (HO)
)
Package pdftexcmds Info: \pdf@primitive is available.
Package pdftexcmds Info: \pdf@ifprimitive is available.
Package pdftexcmds Info: \pdfdraftmode not found.
))
(c:/texlive/2025/texmf-dist/tex/latex/hycolor/hycolor.sty
Package: hycolor 2020-01-27 v1.10 Color options for hyperref/bookmark (HO)
)
(c:/texlive/2025/texmf-dist/tex/latex/hyperref/nameref.sty
Package: nameref 2025-06-21 v2.57 Cross-referencing by name of section

(c:/texlive/2025/texmf-dist/tex/latex/refcount/refcount.sty
Package: refcount 2019/12/15 v3.6 Data extraction from label references (HO)
)
(c:/texlive/2025/texmf-dist/tex/generic/gettitlestring/gettitlestring.sty
Package: gettitlestring 2019/12/15 v1.6 Cleanup title references (HO)
)
\c@section@level=\count355
)
(c:/texlive/2025/texmf-dist/tex/generic/stringenc/stringenc.sty
Package: stringenc 2019/11/29 v1.12 Convert strings between diff. encodings (HO
)
)
\@linkdim=\dimen329
\Hy@linkcounter=\count356
\Hy@pagecounter=\count357

(c:/texlive/2025/texmf-dist/tex/latex/hyperref/pd1enc.def
File: pd1enc.def 2025-07-12 v7.01o Hyperref: PDFDocEncoding definition (HO)
)
(c:/texlive/2025/texmf-dist/tex/generic/intcalc/intcalc.sty
Package: intcalc 2019/12/15 v1.3 Expandable calculations with integers (HO)
)
\Hy@SavedSpaceFactor=\count358

(c:/texlive/2025/texmf-dist/tex/latex/hyperref/puenc.def
File: puenc.def 2025-07-12 v7.01o Hyperref: PDF Unicode definition (HO)
)
Package hyperref Info: Option `hyperindex' set `false' on input line 4066.
Package hyperref Info: Option `unicode' set `true' on input line 4066.
Package hyperref Info: Option `colorlinks' set `true' on input line 4066.
Package hyperref Info: Option `breaklinks' set `true' on input line 4066.
Package hyperref Info: Hyper figures OFF on input line 4195.
Package hyperref Info: Link nesting OFF on input line 4200.
Package hyperref Info: Hyper index OFF on input line 4205.
Package hyperref Info: Plain pages OFF on input line 4210.
Package hyperref Info: Backreferencing OFF on input line 4215.
Package hyperref Info: Implicit mode ON; LaTeX internals redefined.
Package hyperref Info: Bookmarks ON on input line 4462.
\c@Hy@tempcnt=\count359

(c:/texlive/2025/texmf-dist/tex/latex/url/url.sty
\Urlmuskip=\muskip18
Package: url 2013/09/16  ver 3.4  Verb mode for urls, etc.
)
LaTeX Info: Redefining \url on input line 4801.
\XeTeXLinkMargin=\dimen330

(c:/texlive/2025/texmf-dist/tex/generic/bitset/bitset.sty
Package: bitset 2019/12/09 v1.3 Handle bit-vector datatype (HO)

(c:/texlive/2025/texmf-dist/tex/generic/bigintcalc/bigintcalc.sty
Package: bigintcalc 2019/12/15 v1.5 Expandable calculations on big integers (HO
)
))
\Fld@menulength=\count360
\Field@Width=\dimen331
\Fld@charsize=\dimen332
Package hyperref Info: Hyper figures OFF on input line 6078.
Package hyperref Info: Link nesting OFF on input line 6083.
Package hyperref Info: Hyper index OFF on input line 6088.
Package hyperref Info: backreferencing OFF on input line 6093.
Package hyperref Info: Link coloring ON on input line 6096.
Package hyperref Info: Link coloring with OCG OFF on input line 6103.
Package hyperref Info: PDF/A mode OFF on input line 6108.
\Hy@abspage=\count361
\c@Item=\count362
\c@Hfootnote=\count363
)
Package hyperref Info: Driver (autodetected): hxetex.

(c:/texlive/2025/texmf-dist/tex/latex/hyperref/hxetex.def
File: hxetex.def 2025-07-12 v7.01o Hyperref driver for XeTeX
\pdfm@box=\box124
\c@Hy@AnnotLevel=\count364
\HyField@AnnotCount=\count365
\Fld@listcount=\count366
\c@bookmark@seq@number=\count367

(c:/texlive/2025/texmf-dist/tex/latex/rerunfilecheck/rerunfilecheck.sty
Package: rerunfilecheck 2025-06-21 v1.11 Rerun checks for auxiliary files (HO)

(c:/texlive/2025/texmf-dist/tex/generic/uniquecounter/uniquecounter.sty
Package: uniquecounter 2019/12/15 v1.4 Provide unlimited unique counter (HO)
)
Package uniquecounter Info: New unique counter `rerunfilecheck' on input line 2
84.
)
\Hy@SectionHShift=\skip99
)
(c:/texlive/2025/texmf-dist/tex/latex/hypcap/hypcap.sty
Package: hypcap 2024-07-26 v1.13 Adjusting the anchors of captions (HO)

(c:/texlive/2025/texmf-dist/tex/latex/letltxmacro/letltxmacro.sty
Package: letltxmacro 2019/12/03 v1.6 Let assignment for LaTeX macros (HO)
))
(./sphinxmessages.sty
Package: sphinxmessages 2019/01/04 v2.0 Localized LaTeX macros (Sphinx team)
)
(c:/texlive/2025/texmf-dist/tex/latex/pgf/frontendlayer/tikz.sty
(c:/texlive/2025/texmf-dist/tex/latex/pgf/basiclayer/pgf.sty
(c:/texlive/2025/texmf-dist/tex/latex/pgf/utilities/pgfrcs.sty
(c:/texlive/2025/texmf-dist/tex/generic/pgf/utilities/pgfutil-common.tex
\pgfutil@everybye=\toks35
\pgfutil@tempdima=\dimen333
\pgfutil@tempdimb=\dimen334
)
(c:/texlive/2025/texmf-dist/tex/generic/pgf/utilities/pgfutil-latex.def
\pgfutil@abb=\box125
)
(c:/texlive/2025/texmf-dist/tex/generic/pgf/utilities/pgfrcs.code.tex
(c:/texlive/2025/texmf-dist/tex/generic/pgf/pgf.revision.tex)
Package: pgfrcs 2025-08-14 v3.1.11 (3.1.11)
))
Package: pgf 2025-08-14 v3.1.11 (3.1.11)

(c:/texlive/2025/texmf-dist/tex/latex/pgf/basiclayer/pgfcore.sty
(c:/texlive/2025/texmf-dist/tex/latex/pgf/systemlayer/pgfsys.sty
(c:/texlive/2025/texmf-dist/tex/generic/pgf/systemlayer/pgfsys.code.tex
Package: pgfsys 2025-08-14 v3.1.11 (3.1.11)

(c:/texlive/2025/texmf-dist/tex/generic/pgf/utilities/pgfkeys.code.tex
\pgfkeys@pathtoks=\toks36
\pgfkeys@temptoks=\toks37

(c:/texlive/2025/texmf-dist/tex/generic/pgf/utilities/pgfkeyslibraryfiltered.co
de.tex
\pgfkeys@tmptoks=\toks38
))
\pgf@x=\dimen335
\pgf@y=\dimen336
\pgf@xa=\dimen337
\pgf@ya=\dimen338
\pgf@xb=\dimen339
\pgf@yb=\dimen340
\pgf@xc=\dimen341
\pgf@yc=\dimen342
\pgf@xd=\dimen343
\pgf@yd=\dimen344
\w@pgf@writea=\write4
\r@pgf@reada=\read4
\c@pgf@counta=\count368
\c@pgf@countb=\count369
\c@pgf@countc=\count370
\c@pgf@countd=\count371
\t@pgf@toka=\toks39
\t@pgf@tokb=\toks40
\t@pgf@tokc=\toks41
\pgf@sys@id@count=\count372
 (c:/texlive/2025/texmf-dist/tex/generic/pgf/systemlayer/pgf.cfg
File: pgf.cfg 2025-08-14 v3.1.11 (3.1.11)
)
Driver file for pgf: pgfsys-xetex.def

(c:/texlive/2025/texmf-dist/tex/generic/pgf/systemlayer/pgfsys-xetex.def
File: pgfsys-xetex.def 2025-08-14 v3.1.11 (3.1.11)

(c:/texlive/2025/texmf-dist/tex/generic/pgf/systemlayer/pgfsys-dvipdfmx.def
File: pgfsys-dvipdfmx.def 2025-08-14 v3.1.11 (3.1.11)

(c:/texlive/2025/texmf-dist/tex/generic/pgf/systemlayer/pgfsys-common-pdf.def
File: pgfsys-common-pdf.def 2025-08-14 v3.1.11 (3.1.11)
)
\pgfsys@objnum=\count373
)))
(c:/texlive/2025/texmf-dist/tex/generic/pgf/systemlayer/pgfsyssoftpath.code.tex
File: pgfsyssoftpath.code.tex 2025-08-14 v3.1.11 (3.1.11)
\pgfsyssoftpath@smallbuffer@items=\count374
\pgfsyssoftpath@bigbuffer@items=\count375
)
(c:/texlive/2025/texmf-dist/tex/generic/pgf/systemlayer/pgfsysprotocol.code.tex
File: pgfsysprotocol.code.tex 2025-08-14 v3.1.11 (3.1.11)
)) (c:/texlive/2025/texmf-dist/tex/generic/pgf/basiclayer/pgfcore.code.tex
Package: pgfcore 2025-08-14 v3.1.11 (3.1.11)

(c:/texlive/2025/texmf-dist/tex/generic/pgf/math/pgfmath.code.tex
(c:/texlive/2025/texmf-dist/tex/generic/pgf/math/pgfmathutil.code.tex)
(c:/texlive/2025/texmf-dist/tex/generic/pgf/math/pgfmathparser.code.tex
\pgfmath@dimen=\dimen345
\pgfmath@count=\count376
\pgfmath@box=\box126
\pgfmath@toks=\toks42
\pgfmath@stack@operand=\toks43
\pgfmath@stack@operation=\toks44
)
(c:/texlive/2025/texmf-dist/tex/generic/pgf/math/pgfmathfunctions.code.tex)
(c:/texlive/2025/texmf-dist/tex/generic/pgf/math/pgfmathfunctions.basic.code.te
x)
(c:/texlive/2025/texmf-dist/tex/generic/pgf/math/pgfmathfunctions.trigonometric
.code.tex)
(c:/texlive/2025/texmf-dist/tex/generic/pgf/math/pgfmathfunctions.random.code.t
ex)
(c:/texlive/2025/texmf-dist/tex/generic/pgf/math/pgfmathfunctions.comparison.co
de.tex)
(c:/texlive/2025/texmf-dist/tex/generic/pgf/math/pgfmathfunctions.base.code.tex
)
(c:/texlive/2025/texmf-dist/tex/generic/pgf/math/pgfmathfunctions.round.code.te
x)
(c:/texlive/2025/texmf-dist/tex/generic/pgf/math/pgfmathfunctions.misc.code.tex
)
(c:/texlive/2025/texmf-dist/tex/generic/pgf/math/pgfmathfunctions.integerarithm
etics.code.tex)
(c:/texlive/2025/texmf-dist/tex/generic/pgf/math/pgfmathcalc.code.tex)
(c:/texlive/2025/texmf-dist/tex/generic/pgf/math/pgfmathfloat.code.tex
\c@pgfmathroundto@lastzeros=\count377
))
(c:/texlive/2025/texmf-dist/tex/generic/pgf/math/pgfint.code.tex)
(c:/texlive/2025/texmf-dist/tex/generic/pgf/basiclayer/pgfcorepoints.code.tex
File: pgfcorepoints.code.tex 2025-08-14 v3.1.11 (3.1.11)
\pgf@picminx=\dimen346
\pgf@picmaxx=\dimen347
\pgf@picminy=\dimen348
\pgf@picmaxy=\dimen349
\pgf@pathminx=\dimen350
\pgf@pathmaxx=\dimen351
\pgf@pathminy=\dimen352
\pgf@pathmaxy=\dimen353
\pgf@xx=\dimen354
\pgf@xy=\dimen355
\pgf@yx=\dimen356
\pgf@yy=\dimen357
\pgf@zx=\dimen358
\pgf@zy=\dimen359
)
(c:/texlive/2025/texmf-dist/tex/generic/pgf/basiclayer/pgfcorepathconstruct.cod
e.tex
File: pgfcorepathconstruct.code.tex 2025-08-14 v3.1.11 (3.1.11)
\pgf@path@lastx=\dimen360
\pgf@path@lasty=\dimen361
)
(c:/texlive/2025/texmf-dist/tex/generic/pgf/basiclayer/pgfcorepathusage.code.te
x
File: pgfcorepathusage.code.tex 2025-08-14 v3.1.11 (3.1.11)
\pgf@shorten@end@additional=\dimen362
\pgf@shorten@start@additional=\dimen363
)
(c:/texlive/2025/texmf-dist/tex/generic/pgf/basiclayer/pgfcorescopes.code.tex
File: pgfcorescopes.code.tex 2025-08-14 v3.1.11 (3.1.11)
\pgfpic=\box127
\pgf@hbox=\box128
\pgf@layerbox@main=\box129
\pgf@picture@serial@count=\count378
)
(c:/texlive/2025/texmf-dist/tex/generic/pgf/basiclayer/pgfcoregraphicstate.code
.tex
File: pgfcoregraphicstate.code.tex 2025-08-14 v3.1.11 (3.1.11)
\pgflinewidth=\dimen364
)
(c:/texlive/2025/texmf-dist/tex/generic/pgf/basiclayer/pgfcoretransformations.c
ode.tex
File: pgfcoretransformations.code.tex 2025-08-14 v3.1.11 (3.1.11)
\pgf@pt@x=\dimen365
\pgf@pt@y=\dimen366
\pgf@pt@temp=\dimen367
)
(c:/texlive/2025/texmf-dist/tex/generic/pgf/basiclayer/pgfcorequick.code.tex
File: pgfcorequick.code.tex 2025-08-14 v3.1.11 (3.1.11)
)
(c:/texlive/2025/texmf-dist/tex/generic/pgf/basiclayer/pgfcoreobjects.code.tex
File: pgfcoreobjects.code.tex 2025-08-14 v3.1.11 (3.1.11)
)
(c:/texlive/2025/texmf-dist/tex/generic/pgf/basiclayer/pgfcorepathprocessing.co
de.tex
File: pgfcorepathprocessing.code.tex 2025-08-14 v3.1.11 (3.1.11)
)
(c:/texlive/2025/texmf-dist/tex/generic/pgf/basiclayer/pgfcorearrows.code.tex
File: pgfcorearrows.code.tex 2025-08-14 v3.1.11 (3.1.11)
\pgfarrowsep=\dimen368
)
(c:/texlive/2025/texmf-dist/tex/generic/pgf/basiclayer/pgfcoreshade.code.tex
File: pgfcoreshade.code.tex 2025-08-14 v3.1.11 (3.1.11)
\pgf@max=\dimen369
\pgf@sys@shading@range@num=\count379
\pgf@shadingcount=\count380
)
(c:/texlive/2025/texmf-dist/tex/generic/pgf/basiclayer/pgfcoreimage.code.tex
File: pgfcoreimage.code.tex 2025-08-14 v3.1.11 (3.1.11)
)
(c:/texlive/2025/texmf-dist/tex/generic/pgf/basiclayer/pgfcoreexternal.code.tex
File: pgfcoreexternal.code.tex 2025-08-14 v3.1.11 (3.1.11)
\pgfexternal@startupbox=\box130
) (c:/texlive/2025/texmf-dist/tex/generic/pgf/basiclayer/pgfcorelayers.code.tex
File: pgfcorelayers.code.tex 2025-08-14 v3.1.11 (3.1.11)
)
(c:/texlive/2025/texmf-dist/tex/generic/pgf/basiclayer/pgfcoretransparency.code
.tex
File: pgfcoretransparency.code.tex 2025-08-14 v3.1.11 (3.1.11)
)
(c:/texlive/2025/texmf-dist/tex/generic/pgf/basiclayer/pgfcorepatterns.code.tex
File: pgfcorepatterns.code.tex 2025-08-14 v3.1.11 (3.1.11)
) (c:/texlive/2025/texmf-dist/tex/generic/pgf/basiclayer/pgfcorerdf.code.tex
File: pgfcorerdf.code.tex 2025-08-14 v3.1.11 (3.1.11)
))) (c:/texlive/2025/texmf-dist/tex/generic/pgf/modules/pgfmoduleshapes.code.te
x
File: pgfmoduleshapes.code.tex 2025-08-14 v3.1.11 (3.1.11)
\pgfnodeparttextbox=\box131
)
(c:/texlive/2025/texmf-dist/tex/generic/pgf/modules/pgfmoduleplot.code.tex
File: pgfmoduleplot.code.tex 2025-08-14 v3.1.11 (3.1.11)
)
(c:/texlive/2025/texmf-dist/tex/latex/pgf/compatibility/pgfcomp-version-0-65.st
y
Package: pgfcomp-version-0-65 2025-08-14 v3.1.11 (3.1.11)
\pgf@nodesepstart=\dimen370
\pgf@nodesepend=\dimen371
)
(c:/texlive/2025/texmf-dist/tex/latex/pgf/compatibility/pgfcomp-version-1-18.st
y
Package: pgfcomp-version-1-18 2025-08-14 v3.1.11 (3.1.11)
)) (c:/texlive/2025/texmf-dist/tex/latex/pgf/utilities/pgffor.sty
(c:/texlive/2025/texmf-dist/tex/latex/pgf/utilities/pgfkeys.sty
(c:/texlive/2025/texmf-dist/tex/generic/pgf/utilities/pgfkeys.code.tex))
(c:/texlive/2025/texmf-dist/tex/latex/pgf/math/pgfmath.sty
(c:/texlive/2025/texmf-dist/tex/generic/pgf/math/pgfmath.code.tex))
(c:/texlive/2025/texmf-dist/tex/generic/pgf/utilities/pgffor.code.tex
Package: pgffor 2025-08-14 v3.1.11 (3.1.11)
\pgffor@iter=\dimen372
\pgffor@skip=\dimen373
\pgffor@stack=\toks45
\pgffor@toks=\toks46
))
(c:/texlive/2025/texmf-dist/tex/generic/pgf/frontendlayer/tikz/tikz.code.tex
Package: tikz 2025-08-14 v3.1.11 (3.1.11)

(c:/texlive/2025/texmf-dist/tex/generic/pgf/libraries/pgflibraryplothandlers.co
de.tex
File: pgflibraryplothandlers.code.tex 2025-08-14 v3.1.11 (3.1.11)
\pgf@plot@mark@count=\count381
\pgfplotmarksize=\dimen374
)
\tikz@lastx=\dimen375
\tikz@lasty=\dimen376
\tikz@lastxsaved=\dimen377
\tikz@lastysaved=\dimen378
\tikz@lastmovetox=\dimen379
\tikz@lastmovetoy=\dimen380
\tikzleveldistance=\dimen381
\tikzsiblingdistance=\dimen382
\tikz@figbox=\box132
\tikz@figbox@bg=\box133
\tikz@tempbox=\box134
\tikz@tempbox@bg=\box135
\tikztreelevel=\count382
\tikznumberofchildren=\count383
\tikznumberofcurrentchild=\count384
\tikz@fig@count=\count385

(c:/texlive/2025/texmf-dist/tex/generic/pgf/modules/pgfmodulematrix.code.tex
File: pgfmodulematrix.code.tex 2025-08-14 v3.1.11 (3.1.11)
\pgfmatrixcurrentrow=\count386
\pgfmatrixcurrentcolumn=\count387
\pgf@matrix@numberofcolumns=\count388
)
\tikz@expandcount=\count389

(c:/texlive/2025/texmf-dist/tex/generic/pgf/frontendlayer/tikz/libraries/tikzli
brarytopaths.code.tex
File: tikzlibrarytopaths.code.tex 2025-08-14 v3.1.11 (3.1.11)
)))
(c:/texlive/2025/texmf-dist/tex/latex/eso-pic/eso-pic.sty
Package: eso-pic 2023/05/03 v3.0c eso-pic (RN)
\ESO@tempdima=\dimen383
\ESO@tempdimb=\dimen384
)
Package hyperref Info: Option `colorlinks' set `true' on input line 65.
\@indexfile=\write5
\openout5 = `Neoway_Manual.idx'.


Writing index file Neoway_Manual.idx
(./Neoway_Manual.aux)
\openout1 = `Neoway_Manual.aux'.

LaTeX Font Info:    Checking defaults for OML/cmm/m/it on input line 99.
LaTeX Font Info:    ... okay on input line 99.
LaTeX Font Info:    Checking defaults for OMS/cmsy/m/n on input line 99.
LaTeX Font Info:    ... okay on input line 99.
LaTeX Font Info:    Checking defaults for OT1/cmr/m/n on input line 99.
LaTeX Font Info:    ... okay on input line 99.
LaTeX Font Info:    Checking defaults for T1/cmr/m/n on input line 99.
LaTeX Font Info:    ... okay on input line 99.
LaTeX Font Info:    Checking defaults for TS1/cmr/m/n on input line 99.
LaTeX Font Info:    ... okay on input line 99.
LaTeX Font Info:    Checking defaults for TU/lmr/m/n on input line 99.
LaTeX Font Info:    ... okay on input line 99.
LaTeX Font Info:    Checking defaults for OMX/cmex/m/n on input line 99.
LaTeX Font Info:    ... okay on input line 99.
LaTeX Font Info:    Checking defaults for U/cmr/m/n on input line 99.
LaTeX Font Info:    ... okay on input line 99.
LaTeX Font Info:    Checking defaults for PD1/pdf/m/n on input line 99.
LaTeX Font Info:    ... okay on input line 99.
LaTeX Font Info:    Checking defaults for PU/pdf/m/n on input line 99.
LaTeX Font Info:    ... okay on input line 99.

Package fontspec Info: 
(fontspec)             Adjusting the maths setup (use [no-math] to avoid
(fontspec)             this).

\symlegacymaths=\mathgroup6
LaTeX Font Info:    Overwriting symbol font `legacymaths' in version `bold'
(Font)                  OT1/cmr/m/n --> OT1/cmr/bx/n on input line 99.
LaTeX Font Info:    Redeclaring math accent \acute on input line 99.
LaTeX Font Info:    Redeclaring math accent \grave on input line 99.
LaTeX Font Info:    Redeclaring math accent \ddot on input line 99.
LaTeX Font Info:    Redeclaring math accent \tilde on input line 99.
LaTeX Font Info:    Redeclaring math accent \bar on input line 99.
LaTeX Font Info:    Redeclaring math accent \breve on input line 99.
LaTeX Font Info:    Redeclaring math accent \check on input line 99.
LaTeX Font Info:    Redeclaring math accent \hat on input line 99.
LaTeX Font Info:    Redeclaring math accent \dot on input line 99.
LaTeX Font Info:    Redeclaring math accent \mathring on input line 99.
LaTeX Font Info:    Redeclaring math symbol \Gamma on input line 99.
LaTeX Font Info:    Redeclaring math symbol \Delta on input line 99.
LaTeX Font Info:    Redeclaring math symbol \Theta on input line 99.
LaTeX Font Info:    Redeclaring math symbol \Lambda on input line 99.
LaTeX Font Info:    Redeclaring math symbol \Xi on input line 99.
LaTeX Font Info:    Redeclaring math symbol \Pi on input line 99.
LaTeX Font Info:    Redeclaring math symbol \Sigma on input line 99.
LaTeX Font Info:    Redeclaring math symbol \Upsilon on input line 99.
LaTeX Font Info:    Redeclaring math symbol \Phi on input line 99.
LaTeX Font Info:    Redeclaring math symbol \Psi on input line 99.
LaTeX Font Info:    Redeclaring math symbol \Omega on input line 99.
LaTeX Font Info:    Redeclaring math symbol \mathdollar on input line 99.
LaTeX Font Info:    Redeclaring symbol font `operators' on input line 99.
LaTeX Font Info:    Encoding `OT1' has changed to `TU' for symbol font
(Font)              `operators' in the math version `normal' on input line 99.
LaTeX Font Info:    Overwriting symbol font `operators' in version `normal'
(Font)                  OT1/cmr/m/n --> TU/TimesNewRoman(0)/m/n on input line 9
9.
LaTeX Font Info:    Encoding `OT1' has changed to `TU' for symbol font
(Font)              `operators' in the math version `bold' on input line 99.
LaTeX Font Info:    Overwriting symbol font `operators' in version `bold'
(Font)                  OT1/cmr/bx/n --> TU/TimesNewRoman(0)/m/n on input line 
99.
LaTeX Font Info:    Overwriting symbol font `operators' in version `normal'
(Font)                  TU/TimesNewRoman(0)/m/n --> TU/TimesNewRoman(0)/m/n on 
input line 99.
LaTeX Font Info:    Overwriting math alphabet `\mathit' in version `normal'
(Font)                  OT1/cmr/m/it --> TU/TimesNewRoman(0)/m/it on input line
 99.
LaTeX Font Info:    Overwriting math alphabet `\mathbf' in version `normal'
(Font)                  OT1/cmr/bx/n --> TU/TimesNewRoman(0)/b/n on input line 
99.
LaTeX Font Info:    Overwriting math alphabet `\mathsf' in version `normal'
(Font)                  OT1/cmss/m/n --> TU/Arial(0)/m/n on input line 99.
LaTeX Font Info:    Overwriting math alphabet `\mathtt' in version `normal'
(Font)                  OT1/cmtt/m/n --> TU/Consolas(0)/m/n on input line 99.
LaTeX Font Info:    Overwriting symbol font `operators' in version `bold'
(Font)                  TU/TimesNewRoman(0)/m/n --> TU/TimesNewRoman(0)/b/n on 
input line 99.
LaTeX Font Info:    Overwriting math alphabet `\mathit' in version `bold'
(Font)                  OT1/cmr/bx/it --> TU/TimesNewRoman(0)/b/it on input lin
e 99.
LaTeX Font Info:    Overwriting math alphabet `\mathsf' in version `bold'
(Font)                  OT1/cmss/bx/n --> TU/Arial(0)/b/n on input line 99.
LaTeX Font Info:    Overwriting math alphabet `\mathtt' in version `bold'
(Font)                  OT1/cmtt/m/n --> TU/Consolas(0)/b/n on input line 99.

(c:/texlive/2025/texmf-dist/tex/latex/fontawesome5/fontawesome5.sty
Package: fontawesome5 2022/05/02 v5.15.4 Font Awesome 5

(c:/texlive/2025/texmf-dist/tex/latex/l3packages/l3keys2e/l3keys2e.sty
Package: l3keys2e 2024-08-16 LaTeX2e option processing using LaTeX3 keys
)
(c:/texlive/2025/texmf-dist/tex/latex/fontawesome5/fontawesome5-utex-helper.sty
Package: fontawesome5-utex-helper 2022/05/02 v5.15.4 uTeX helper for fontawesom
e5
LaTeX Font Info:    Trying to load font information for TU+fontawesomefree on i
nput line 69.
(c:/texlive/2025/texmf-dist/tex/latex/fontawesome5/tufontawesomefree.fd)
LaTeX Font Info:    Trying to load font information for TU+fontawesomebrands on
 input line 70.

(c:/texlive/2025/texmf-dist/tex/latex/fontawesome5/tufontawesomebrands.fd)))
\c@literalblock=\count390

*geometry* driver: auto-detecting
*geometry* detected driver: xetex
*geometry* verbose mode - [ preamble ] result:
* driver: xetex
* paper: a4paper
* layout: <same size as paper>
* layoutoffset:(h,v)=(0.0pt,0.0pt)
* modes: 
* h-part:(L,W,R)=(62.59605pt, 472.31577pt, 62.59605pt)
* v-part:(T,H,B)=(62.59605pt, 719.85474pt, 62.59605pt)
* \paperwidth=597.50787pt
* \paperheight=845.04684pt
* \textwidth=472.31577pt
* \textheight=719.85474pt
* \oddsidemargin=-9.67393pt
* \evensidemargin=-9.67393pt
* \topmargin=-52.67393pt
* \headheight=24.0pt
* \headsep=12.0pt
* \topskip=11.0pt
* \footskip=30.0pt
* \marginparwidth=36.135pt
* \marginparsep=10.0pt
* \columnsep=10.0pt
* \skip\footins=10.0pt plus 4.0pt minus 2.0pt
* \hoffset=0.0pt
* \voffset=0.0pt
* \mag=1000
* \@twocolumnfalse
* \@twosidefalse
* \@mparswitchfalse
* \@reversemarginfalse
* (1in=72.27pt=25.4mm, 1cm=28.453pt)

Package hyperref Info: Link coloring ON on input line 99.
(./Neoway_Manual.out) (./Neoway_Manual.out)
\@outlinefile=\write6
\openout6 = `Neoway_Manual.out'.

File: background.png Graphic file (type bmp)
<background.png>


[1

]

Package xeCJK Warning: Unknown CJK family `\CJKsfdefault' is being ignored.
(xeCJK)                
(xeCJK)                Try to use `\setCJKsansfont[<...>]{<...>}' to define
(xeCJK)                it.

(./Neoway_Manual.toc)
\tf@toc=\write7
\openout7 = `Neoway_Manual.toc'.



File: header-logo.png Graphic file (type bmp)
<header-logo.png>

Package fancyhdr Warning: \headheight is too small (24.0pt): 
(fancyhdr)                Make it at least 24.05344pt, for example:
(fancyhdr)                \setlength{\headheight}{24.05344pt}.
(fancyhdr)                You might also make \topmargin smaller:
(fancyhdr)                \addtolength{\topmargin}{-0.05344pt}.

[1


]

File: header-logo.png Graphic file (type bmp)
<header-logo.png>

Package fancyhdr Warning: \headheight is too small (24.0pt): 
(fancyhdr)                Make it at least 24.05344pt, for example:
(fancyhdr)                \setlength{\headheight}{24.05344pt}.
(fancyhdr)                You might also make \topmargin smaller:
(fancyhdr)                \addtolength{\topmargin}{-0.05344pt}.

[1

]
Chapter 1.

Package xeCJK Warning: Unknown CJK family `\CJKttdefault' is being ignored.
(xeCJK)                
(xeCJK)                Try to use `\setCJKmonofont[<...>]{<...>}' to define
(xeCJK)                it.

LaTeX Font Info:    Trying to load font information for U+msa on input line 171
.
(c:/texlive/2025/texmf-dist/tex/latex/amsfonts/umsa.fd
File: umsa.fd 2013/01/14 v3.01 AMS symbols A
)
LaTeX Font Info:    Trying to load font information for U+msb on input line 171
.

(c:/texlive/2025/texmf-dist/tex/latex/amsfonts/umsb.fd
File: umsb.fd 2013/01/14 v3.01 AMS symbols B
)
Missing character: There is no  (U+2423) in font Consolas/OT:script=latn;langu
age=dflt;!
Missing character: There is no  (U+2423) in font Consolas/OT:script=latn;langu
age=dflt;!


File: header-logo.png Graphic file (type bmp)
<header-logo.png>

Package fancyhdr Warning: \headheight is too small (24.0pt): 
(fancyhdr)                Make it at least 24.05344pt, for example:
(fancyhdr)                \setlength{\headheight}{24.05344pt}.
(fancyhdr)                You might also make \topmargin smaller:
(fancyhdr)                \addtolength{\topmargin}{-0.05344pt}.

[2

]
Missing character: There is no  (U+2423) in font Consolas/OT:script=latn;langu
age=dflt;!
Missing character: There is no  (U+2423) in font Consolas/OT:script=latn;langu
age=dflt;!
Missing character: There is no  (U+2423) in font Consolas/OT:script=latn;langu
age=dflt;!
Missing character: There is no  (U+2423) in font Consolas/OT:script=latn;langu
age=dflt;!


File: header-logo.png Graphic file (type bmp)
<header-logo.png>

Package fancyhdr Warning: \headheight is too small (24.0pt): 
(fancyhdr)                Make it at least 24.05344pt, for example:
(fancyhdr)                \setlength{\headheight}{24.05344pt}.
(fancyhdr)                You might also make \topmargin smaller:
(fancyhdr)                \addtolength{\topmargin}{-0.05344pt}.

[3]
Missing character: There is no  (U+2423) in font Consolas/OT:script=latn;langu
age=dflt;!
Missing character: There is no  (U+2423) in font Consolas/OT:script=latn;langu
age=dflt;!
Missing character: There is no  (U+2423) in font Consolas/OT:script=latn;langu
age=dflt;!
Missing character: There is no  (U+2423) in font Consolas/OT:script=latn;langu
age=dflt;!


File: header-logo.png Graphic file (type bmp)
<header-logo.png>

Package fancyhdr Warning: \headheight is too small (24.0pt): 
(fancyhdr)                Make it at least 24.05344pt, for example:
(fancyhdr)                \setlength{\headheight}{24.05344pt}.
(fancyhdr)                You might also make \topmargin smaller:
(fancyhdr)                \addtolength{\topmargin}{-0.05344pt}.

[4]
Missing character: There is no  (U+2423) in font Consolas/OT:script=latn;langu
age=dflt;!
Missing character: There is no  (U+2423) in font Consolas/OT:script=latn;langu
age=dflt;!
Missing character: There is no  (U+2423) in font Consolas/OT:script=latn;langu
age=dflt;!
Missing character: There is no  (U+2423) in font Consolas/OT:script=latn;langu
age=dflt;!


File: header-logo.png Graphic file (type bmp)
<header-logo.png>

Package fancyhdr Warning: \headheight is too small (24.0pt): 
(fancyhdr)                Make it at least 24.05344pt, for example:
(fancyhdr)                \setlength{\headheight}{24.05344pt}.
(fancyhdr)                You might also make \topmargin smaller:
(fancyhdr)                \addtolength{\topmargin}{-0.05344pt}.

[5]
Missing character: There is no  (U+2423) in font Consolas/OT:script=latn;langu
age=dflt;!
Missing character: There is no  (U+2423) in font Consolas/OT:script=latn;langu
age=dflt;!
Missing character: There is no  (U+2423) in font Consolas/OT:script=latn;langu
age=dflt;!
Missing character: There is no  (U+2423) in font Consolas/OT:script=latn;langu
age=dflt;!


File: header-logo.png Graphic file (type bmp)
<header-logo.png>

Package fancyhdr Warning: \headheight is too small (24.0pt): 
(fancyhdr)                Make it at least 24.05344pt, for example:
(fancyhdr)                \setlength{\headheight}{24.05344pt}.
(fancyhdr)                You might also make \topmargin smaller:
(fancyhdr)                \addtolength{\topmargin}{-0.05344pt}.

[6]
Missing character: There is no  (U+2423) in font Consolas/OT:script=latn;langu
age=dflt;!
Missing character: There is no  (U+2423) in font Consolas/OT:script=latn;langu
age=dflt;!
Missing character: There is no  (U+2423) in font Consolas/OT:script=latn;langu
age=dflt;!
Missing character: There is no  (U+2423) in font Consolas/OT:script=latn;langu
age=dflt;!


File: header-logo.png Graphic file (type bmp)
<header-logo.png>

Package fancyhdr Warning: \headheight is too small (24.0pt): 
(fancyhdr)                Make it at least 24.05344pt, for example:
(fancyhdr)                \setlength{\headheight}{24.05344pt}.
(fancyhdr)                You might also make \topmargin smaller:
(fancyhdr)                \addtolength{\topmargin}{-0.05344pt}.

[7]
Missing character: There is no  (U+2423) in font Consolas/OT:script=latn;langu
age=dflt;!
Missing character: There is no  (U+2423) in font Consolas/OT:script=latn;langu
age=dflt;!
Missing character: There is no  (U+2423) in font Consolas/OT:script=latn;langu
age=dflt;!
Missing character: There is no  (U+2423) in font Consolas/OT:script=latn;langu
age=dflt;!


File: header-logo.png Graphic file (type bmp)
<header-logo.png>

Package fancyhdr Warning: \headheight is too small (24.0pt): 
(fancyhdr)                Make it at least 24.05344pt, for example:
(fancyhdr)                \setlength{\headheight}{24.05344pt}.
(fancyhdr)                You might also make \topmargin smaller:
(fancyhdr)                \addtolength{\topmargin}{-0.05344pt}.

[8]
Missing character: There is no  (U+2423) in font Consolas/OT:script=latn;langu
age=dflt;!
Missing character: There is no  (U+2423) in font Consolas/OT:script=latn;langu
age=dflt;!
Missing character: There is no  (U+2423) in font Consolas/OT:script=latn;langu
age=dflt;!
Missing character: There is no  (U+2423) in font Consolas/OT:script=latn;langu
age=dflt;!


File: header-logo.png Graphic file (type bmp)
<header-logo.png>

Package fancyhdr Warning: \headheight is too small (24.0pt): 
(fancyhdr)                Make it at least 24.05344pt, for example:
(fancyhdr)                \setlength{\headheight}{24.05344pt}.
(fancyhdr)                You might also make \topmargin smaller:
(fancyhdr)                \addtolength{\topmargin}{-0.05344pt}.

[9]
Missing character: There is no  (U+2423) in font Consolas/OT:script=latn;langu
age=dflt;!
Missing character: There is no  (U+2423) in font Consolas/OT:script=latn;langu
age=dflt;!
Missing character: There is no  (U+2423) in font Consolas/OT:script=latn;langu
age=dflt;!
Missing character: There is no  (U+2423) in font Consolas/OT:script=latn;langu
age=dflt;!


File: header-logo.png Graphic file (type bmp)
<header-logo.png>

Package fancyhdr Warning: \headheight is too small (24.0pt): 
(fancyhdr)                Make it at least 24.05344pt, for example:
(fancyhdr)                \setlength{\headheight}{24.05344pt}.
(fancyhdr)                You might also make \topmargin smaller:
(fancyhdr)                \addtolength{\topmargin}{-0.05344pt}.

[10]
Missing character: There is no  (U+2423) in font Consolas/OT:script=latn;langu
age=dflt;!
Missing character: There is no  (U+2423) in font Consolas/OT:script=latn;langu
age=dflt;!
Missing character: There is no  (U+2423) in font Consolas/OT:script=latn;langu
age=dflt;!
Missing character: There is no  (U+2423) in font Consolas/OT:script=latn;langu
age=dflt;!


File: header-logo.png Graphic file (type bmp)
<header-logo.png>

Package fancyhdr Warning: \headheight is too small (24.0pt): 
(fancyhdr)                Make it at least 24.05344pt, for example:
(fancyhdr)                \setlength{\headheight}{24.05344pt}.
(fancyhdr)                You might also make \topmargin smaller:
(fancyhdr)                \addtolength{\topmargin}{-0.05344pt}.

[11]
Missing character: There is no  (U+2423) in font Consolas/OT:script=latn;langu
age=dflt;!
Missing character: There is no  (U+2423) in font Consolas/OT:script=latn;langu
age=dflt;!
Missing character: There is no  (U+2423) in font Consolas/OT:script=latn;langu
age=dflt;!
Missing character: There is no  (U+2423) in font Consolas/OT:script=latn;langu
age=dflt;!


File: header-logo.png Graphic file (type bmp)
<header-logo.png>

Package fancyhdr Warning: \headheight is too small (24.0pt): 
(fancyhdr)                Make it at least 24.05344pt, for example:
(fancyhdr)                \setlength{\headheight}{24.05344pt}.
(fancyhdr)                You might also make \topmargin smaller:
(fancyhdr)                \addtolength{\topmargin}{-0.05344pt}.

[12]
Missing character: There is no  (U+2423) in font Consolas/OT:script=latn;langu
age=dflt;!
Missing character: There is no  (U+2423) in font Consolas/OT:script=latn;langu
age=dflt;!
Missing character: There is no  (U+2423) in font Consolas/OT:script=latn;langu
age=dflt;!


File: header-logo.png Graphic file (type bmp)
<header-logo.png>

Package fancyhdr Warning: \headheight is too small (24.0pt): 
(fancyhdr)                Make it at least 24.05344pt, for example:
(fancyhdr)                \setlength{\headheight}{24.05344pt}.
(fancyhdr)                You might also make \topmargin smaller:
(fancyhdr)                \addtolength{\topmargin}{-0.05344pt}.

[13]
Missing character: There is no  (U+2423) in font Consolas/OT:script=latn;langu
age=dflt;!
Missing character: There is no  (U+2423) in font Consolas/OT:script=latn;langu
age=dflt;!
Missing character: There is no  (U+2423) in font Consolas/OT:script=latn;langu
age=dflt;!
Missing character: There is no  (U+2423) in font Consolas/OT:script=latn;langu
age=dflt;!
Missing character: There is no  (U+2423) in font Consolas/OT:script=latn;langu
age=dflt;!


File: header-logo.png Graphic file (type bmp)
<header-logo.png>

Package fancyhdr Warning: \headheight is too small (24.0pt): 
(fancyhdr)                Make it at least 24.05344pt, for example:
(fancyhdr)                \setlength{\headheight}{24.05344pt}.
(fancyhdr)                You might also make \topmargin smaller:
(fancyhdr)                \addtolength{\topmargin}{-0.05344pt}.

[14]
Missing character: There is no  (U+2423) in font Consolas/OT:script=latn;langu
age=dflt;!
Missing character: There is no  (U+2423) in font Consolas/OT:script=latn;langu
age=dflt;!
Missing character: There is no  (U+2423) in font Consolas/OT:script=latn;langu
age=dflt;!


File: header-logo.png Graphic file (type bmp)
<header-logo.png>

Package fancyhdr Warning: \headheight is too small (24.0pt): 
(fancyhdr)                Make it at least 24.05344pt, for example:
(fancyhdr)                \setlength{\headheight}{24.05344pt}.
(fancyhdr)                You might also make \topmargin smaller:
(fancyhdr)                \addtolength{\topmargin}{-0.05344pt}.

[15]
Missing character: There is no  (U+2423) in font Consolas/OT:script=latn;langu
age=dflt;!
Missing character: There is no  (U+2423) in font Consolas/OT:script=latn;langu
age=dflt;!
Missing character: There is no  (U+2423) in font Consolas/OT:script=latn;langu
age=dflt;!
Missing character: There is no  (U+2423) in font Consolas/OT:script=latn;langu
age=dflt;!


File: header-logo.png Graphic file (type bmp)
<header-logo.png>

Package fancyhdr Warning: \headheight is too small (24.0pt): 
(fancyhdr)                Make it at least 24.05344pt, for example:
(fancyhdr)                \setlength{\headheight}{24.05344pt}.
(fancyhdr)                You might also make \topmargin smaller:
(fancyhdr)                \addtolength{\topmargin}{-0.05344pt}.

[16]
Missing character: There is no  (U+2423) in font Consolas/OT:script=latn;langu
age=dflt;!
Missing character: There is no  (U+2423) in font Consolas/OT:script=latn;langu
age=dflt;!
Missing character: There is no  (U+2423) in font Consolas/OT:script=latn;langu
age=dflt;!


File: header-logo.png Graphic file (type bmp)
<header-logo.png>

Package fancyhdr Warning: \headheight is too small (24.0pt): 
(fancyhdr)                Make it at least 24.05344pt, for example:
(fancyhdr)                \setlength{\headheight}{24.05344pt}.
(fancyhdr)                You might also make \topmargin smaller:
(fancyhdr)                \addtolength{\topmargin}{-0.05344pt}.

[17]
Missing character: There is no  (U+2423) in font Consolas/OT:script=latn;langu
age=dflt;!
Missing character: There is no  (U+2423) in font Consolas/OT:script=latn;langu
age=dflt;!
Missing character: There is no  (U+2423) in font Consolas/OT:script=latn;langu
age=dflt;!
Missing character: There is no  (U+2423) in font Consolas/OT:script=latn;langu
age=dflt;!
Missing character: There is no  (U+2423) in font Consolas/OT:script=latn;langu
age=dflt;!


File: header-logo.png Graphic file (type bmp)
<header-logo.png>

Package fancyhdr Warning: \headheight is too small (24.0pt): 
(fancyhdr)                Make it at least 24.05344pt, for example:
(fancyhdr)                \setlength{\headheight}{24.05344pt}.
(fancyhdr)                You might also make \topmargin smaller:
(fancyhdr)                \addtolength{\topmargin}{-0.05344pt}.

[18]
Missing character: There is no  (U+2423) in font Consolas/OT:script=latn;langu
age=dflt;!
Missing character: There is no  (U+2423) in font Consolas/OT:script=latn;langu
age=dflt;!
Missing character: There is no  (U+2423) in font Consolas/OT:script=latn;langu
age=dflt;!


File: header-logo.png Graphic file (type bmp)
<header-logo.png>

Package fancyhdr Warning: \headheight is too small (24.0pt): 
(fancyhdr)                Make it at least 24.05344pt, for example:
(fancyhdr)                \setlength{\headheight}{24.05344pt}.
(fancyhdr)                You might also make \topmargin smaller:
(fancyhdr)                \addtolength{\topmargin}{-0.05344pt}.

[19]
Missing character: There is no  (U+2423) in font Consolas/OT:script=latn;langu
age=dflt;!

Package hyperref Warning: Token not allowed in a PDF string (Unicode):
(hyperref)                removing `\@ifnextchar' on input line 1932.

Missing character: There is no  (U+2423) in font Consolas/OT:script=latn;langu
age=dflt;!
Missing character: There is no  (U+2423) in font Consolas/OT:script=latn;langu
age=dflt;!
Missing character: There is no  (U+2423) in font Consolas/OT:script=latn;langu
age=dflt;!


File: header-logo.png Graphic file (type bmp)
<header-logo.png>

Package fancyhdr Warning: \headheight is too small (24.0pt): 
(fancyhdr)                Make it at least 24.05344pt, for example:
(fancyhdr)                \setlength{\headheight}{24.05344pt}.
(fancyhdr)                You might also make \topmargin smaller:
(fancyhdr)                \addtolength{\topmargin}{-0.05344pt}.

[20]
Missing character: There is no  (U+2423) in font Consolas/OT:script=latn;langu
age=dflt;!
Missing character: There is no  (U+2423) in font Consolas/OT:script=latn;langu
age=dflt;!
Missing character: There is no  (U+2423) in font Consolas/OT:script=latn;langu
age=dflt;!
Missing character: There is no  (U+2423) in font Consolas/OT:script=latn;langu
age=dflt;!


File: header-logo.png Graphic file (type bmp)
<header-logo.png>

Package fancyhdr Warning: \headheight is too small (24.0pt): 
(fancyhdr)                Make it at least 24.05344pt, for example:
(fancyhdr)                \setlength{\headheight}{24.05344pt}.
(fancyhdr)                You might also make \topmargin smaller:
(fancyhdr)                \addtolength{\topmargin}{-0.05344pt}.

[21]
Missing character: There is no  (U+2423) in font Consolas/OT:script=latn;langu
age=dflt;!
Missing character: There is no  (U+2423) in font Consolas/OT:script=latn;langu
age=dflt;!
Missing character: There is no  (U+2423) in font Consolas/OT:script=latn;langu
age=dflt;!
Missing character: There is no  (U+2423) in font Consolas/OT:script=latn;langu
age=dflt;!


File: header-logo.png Graphic file (type bmp)
<header-logo.png>

Package fancyhdr Warning: \headheight is too small (24.0pt): 
(fancyhdr)                Make it at least 24.05344pt, for example:
(fancyhdr)                \setlength{\headheight}{24.05344pt}.
(fancyhdr)                You might also make \topmargin smaller:
(fancyhdr)                \addtolength{\topmargin}{-0.05344pt}.

[22]
Missing character: There is no  (U+2423) in font Consolas/OT:script=latn;langu
age=dflt;!
Missing character: There is no  (U+2423) in font Consolas/OT:script=latn;langu
age=dflt;!
Missing character: There is no  (U+2423) in font Consolas/OT:script=latn;langu
age=dflt;!
Missing character: There is no  (U+2423) in font Consolas/OT:script=latn;langu
age=dflt;!


File: header-logo.png Graphic file (type bmp)
<header-logo.png>

Package fancyhdr Warning: \headheight is too small (24.0pt): 
(fancyhdr)                Make it at least 24.05344pt, for example:
(fancyhdr)                \setlength{\headheight}{24.05344pt}.
(fancyhdr)                You might also make \topmargin smaller:
(fancyhdr)                \addtolength{\topmargin}{-0.05344pt}.

[23]
Missing character: There is no  (U+2423) in font Consolas/OT:script=latn;langu
age=dflt;!
Missing character: There is no  (U+2423) in font Consolas/OT:script=latn;langu
age=dflt;!
Missing character: There is no  (U+2423) in font Consolas/OT:script=latn;langu
age=dflt;!


File: header-logo.png Graphic file (type bmp)
<header-logo.png>

Package fancyhdr Warning: \headheight is too small (24.0pt): 
(fancyhdr)                Make it at least 24.05344pt, for example:
(fancyhdr)                \setlength{\headheight}{24.05344pt}.
(fancyhdr)                You might also make \topmargin smaller:
(fancyhdr)                \addtolength{\topmargin}{-0.05344pt}.

[24]
Missing character: There is no  (U+2423) in font Consolas/OT:script=latn;langu
age=dflt;!
Missing character: There is no  (U+2423) in font Consolas/OT:script=latn;langu
age=dflt;!
Missing character: There is no  (U+2423) in font Consolas/OT:script=latn;langu
age=dflt;!


File: header-logo.png Graphic file (type bmp)
<header-logo.png>

Package fancyhdr Warning: \headheight is too small (24.0pt): 
(fancyhdr)                Make it at least 24.05344pt, for example:
(fancyhdr)                \setlength{\headheight}{24.05344pt}.
(fancyhdr)                You might also make \topmargin smaller:
(fancyhdr)                \addtolength{\topmargin}{-0.05344pt}.

[25]
Chapter 2.
Missing character: There is no  (U+2423) in font Consolas/OT:script=latn;langu
age=dflt;!
Missing character: There is no  (U+2423) in font Consolas/OT:script=latn;langu
age=dflt;!
Missing character: There is no  (U+2423) in font Consolas/OT:script=latn;langu
age=dflt;!
Missing character: There is no  (U+2423) in font Consolas/OT:script=latn;langu
age=dflt;!


File: header-logo.png Graphic file (type bmp)
<header-logo.png>

Package fancyhdr Warning: \headheight is too small (24.0pt): 
(fancyhdr)                Make it at least 24.05344pt, for example:
(fancyhdr)                \setlength{\headheight}{24.05344pt}.
(fancyhdr)                You might also make \topmargin smaller:
(fancyhdr)                \addtolength{\topmargin}{-0.05344pt}.

[26

]
Missing character: There is no  (U+2423) in font Consolas/OT:script=latn;langu
age=dflt;!
Missing character: There is no  (U+2423) in font Consolas/OT:script=latn;langu
age=dflt;!
Missing character: There is no  (U+2423) in font Consolas/OT:script=latn;langu
age=dflt;!


File: header-logo.png Graphic file (type bmp)
<header-logo.png>

Package fancyhdr Warning: \headheight is too small (24.0pt): 
(fancyhdr)                Make it at least 24.05344pt, for example:
(fancyhdr)                \setlength{\headheight}{24.05344pt}.
(fancyhdr)                You might also make \topmargin smaller:
(fancyhdr)                \addtolength{\topmargin}{-0.05344pt}.

[27]
Missing character: There is no  (U+2423) in font Consolas/OT:script=latn;langu
age=dflt;!
Missing character: There is no  (U+2423) in font Consolas/OT:script=latn;langu
age=dflt;!
Missing character: There is no  (U+2423) in font Consolas/OT:script=latn;langu
age=dflt;!
Missing character: There is no  (U+2423) in font Consolas/OT:script=latn;langu
age=dflt;!
Missing character: There is no  (U+2423) in font Consolas/OT:script=latn;langu
age=dflt;!


File: header-logo.png Graphic file (type bmp)
<header-logo.png>

Package fancyhdr Warning: \headheight is too small (24.0pt): 
(fancyhdr)                Make it at least 24.05344pt, for example:
(fancyhdr)                \setlength{\headheight}{24.05344pt}.
(fancyhdr)                You might also make \topmargin smaller:
(fancyhdr)                \addtolength{\topmargin}{-0.05344pt}.

[28]
Missing character: There is no  (U+2423) in font Consolas/OT:script=latn;langu
age=dflt;!
Missing character: There is no  (U+2423) in font Consolas/OT:script=latn;langu
age=dflt;!
Missing character: There is no  (U+2423) in font Consolas/OT:script=latn;langu
age=dflt;!
Missing character: There is no  (U+2423) in font Consolas/OT:script=latn;langu
age=dflt;!


File: header-logo.png Graphic file (type bmp)
<header-logo.png>

Package fancyhdr Warning: \headheight is too small (24.0pt): 
(fancyhdr)                Make it at least 24.05344pt, for example:
(fancyhdr)                \setlength{\headheight}{24.05344pt}.
(fancyhdr)                You might also make \topmargin smaller:
(fancyhdr)                \addtolength{\topmargin}{-0.05344pt}.

[29]
Missing character: There is no  (U+2423) in font Consolas/OT:script=latn;langu
age=dflt;!
Missing character: There is no  (U+2423) in font Consolas/OT:script=latn;langu
age=dflt;!
Missing character: There is no  (U+2423) in font Consolas/OT:script=latn;langu
age=dflt;!
Missing character: There is no  (U+2423) in font Consolas/OT:script=latn;langu
age=dflt;!


File: header-logo.png Graphic file (type bmp)
<header-logo.png>

Package fancyhdr Warning: \headheight is too small (24.0pt): 
(fancyhdr)                Make it at least 24.05344pt, for example:
(fancyhdr)                \setlength{\headheight}{24.05344pt}.
(fancyhdr)                You might also make \topmargin smaller:
(fancyhdr)                \addtolength{\topmargin}{-0.05344pt}.

[30]
Missing character: There is no  (U+2423) in font Consolas/OT:script=latn;langu
age=dflt;!
Missing character: There is no  (U+2423) in font Consolas/OT:script=latn;langu
age=dflt;!
Missing character: There is no  (U+2423) in font Consolas/OT:script=latn;langu
age=dflt;!
Missing character: There is no  (U+2423) in font Consolas/OT:script=latn;langu
age=dflt;!


File: header-logo.png Graphic file (type bmp)
<header-logo.png>

Package fancyhdr Warning: \headheight is too small (24.0pt): 
(fancyhdr)                Make it at least 24.05344pt, for example:
(fancyhdr)                \setlength{\headheight}{24.05344pt}.
(fancyhdr)                You might also make \topmargin smaller:
(fancyhdr)                \addtolength{\topmargin}{-0.05344pt}.

[31]
Missing character: There is no  (U+2423) in font Consolas/OT:script=latn;langu
age=dflt;!
Missing character: There is no  (U+2423) in font Consolas/OT:script=latn;langu
age=dflt;!
Missing character: There is no  (U+2423) in font Consolas/OT:script=latn;langu
age=dflt;!
Missing character: There is no  (U+2423) in font Consolas/OT:script=latn;langu
age=dflt;!


File: header-logo.png Graphic file (type bmp)
<header-logo.png>

Package fancyhdr Warning: \headheight is too small (24.0pt): 
(fancyhdr)                Make it at least 24.05344pt, for example:
(fancyhdr)                \setlength{\headheight}{24.05344pt}.
(fancyhdr)                You might also make \topmargin smaller:
(fancyhdr)                \addtolength{\topmargin}{-0.05344pt}.

[32]
Missing character: There is no  (U+2423) in font Consolas/OT:script=latn;langu
age=dflt;!
Missing character: There is no  (U+2423) in font Consolas/OT:script=latn;langu
age=dflt;!
Missing character: There is no  (U+2423) in font Consolas/OT:script=latn;langu
age=dflt;!
Missing character: There is no  (U+2423) in font Consolas/OT:script=latn;langu
age=dflt;!


File: header-logo.png Graphic file (type bmp)
<header-logo.png>

Package fancyhdr Warning: \headheight is too small (24.0pt): 
(fancyhdr)                Make it at least 24.05344pt, for example:
(fancyhdr)                \setlength{\headheight}{24.05344pt}.
(fancyhdr)                You might also make \topmargin smaller:
(fancyhdr)                \addtolength{\topmargin}{-0.05344pt}.

[33]
Missing character: There is no  (U+2423) in font Consolas/OT:script=latn;langu
age=dflt;!
Missing character: There is no  (U+2423) in font Consolas/OT:script=latn;langu
age=dflt;!
Missing character: There is no  (U+2423) in font Consolas/OT:script=latn;langu
age=dflt;!
Missing character: There is no  (U+2423) in font Consolas/OT:script=latn;langu
age=dflt;!


File: header-logo.png Graphic file (type bmp)
<header-logo.png>

Package fancyhdr Warning: \headheight is too small (24.0pt): 
(fancyhdr)                Make it at least 24.05344pt, for example:
(fancyhdr)                \setlength{\headheight}{24.05344pt}.
(fancyhdr)                You might also make \topmargin smaller:
(fancyhdr)                \addtolength{\topmargin}{-0.05344pt}.

[34]
Missing character: There is no  (U+2423) in font Consolas/OT:script=latn;langu
age=dflt;!
Missing character: There is no  (U+2423) in font Consolas/OT:script=latn;langu
age=dflt;!
Missing character: There is no  (U+2423) in font Consolas/OT:script=latn;langu
age=dflt;!
Missing character: There is no  (U+2423) in font Consolas/OT:script=latn;langu
age=dflt;!


File: header-logo.png Graphic file (type bmp)
<header-logo.png>

Package fancyhdr Warning: \headheight is too small (24.0pt): 
(fancyhdr)                Make it at least 24.05344pt, for example:
(fancyhdr)                \setlength{\headheight}{24.05344pt}.
(fancyhdr)                You might also make \topmargin smaller:
(fancyhdr)                \addtolength{\topmargin}{-0.05344pt}.

[35]
Missing character: There is no  (U+2423) in font Consolas/OT:script=latn;langu
age=dflt;!
Missing character: There is no  (U+2423) in font Consolas/OT:script=latn;langu
age=dflt;!
Missing character: There is no  (U+2423) in font Consolas/OT:script=latn;langu
age=dflt;!
Missing character: There is no  (U+2423) in font Consolas/OT:script=latn;langu
age=dflt;!


File: header-logo.png Graphic file (type bmp)
<header-logo.png>

Package fancyhdr Warning: \headheight is too small (24.0pt): 
(fancyhdr)                Make it at least 24.05344pt, for example:
(fancyhdr)                \setlength{\headheight}{24.05344pt}.
(fancyhdr)                You might also make \topmargin smaller:
(fancyhdr)                \addtolength{\topmargin}{-0.05344pt}.

[36]
Missing character: There is no  (U+2423) in font Consolas/OT:script=latn;langu
age=dflt;!
Missing character: There is no  (U+2423) in font Consolas/OT:script=latn;langu
age=dflt;!


File: header-logo.png Graphic file (type bmp)
<header-logo.png>

Package fancyhdr Warning: \headheight is too small (24.0pt): 
(fancyhdr)                Make it at least 24.05344pt, for example:
(fancyhdr)                \setlength{\headheight}{24.05344pt}.
(fancyhdr)                You might also make \topmargin smaller:
(fancyhdr)                \addtolength{\topmargin}{-0.05344pt}.

[37]
Chapter 3.
No file Neoway_Manual.ind.


File: header-logo.png Graphic file (type bmp)
<header-logo.png>

Package fancyhdr Warning: \headheight is too small (24.0pt): 
(fancyhdr)                Make it at least 24.05344pt, for example:
(fancyhdr)                \setlength{\headheight}{24.05344pt}.
(fancyhdr)                You might also make \topmargin smaller:
(fancyhdr)                \addtolength{\topmargin}{-0.05344pt}.

[38

] (./Neoway_Manual.aux)
 ***********
LaTeX2e <2025-06-01> patch level 1
L3 programming layer <2022/08/05>
 ***********
Package rerunfilecheck Info: File `Neoway_Manual.out' has not changed.
(rerunfilecheck)             Checksum: 7AAB702491B6BEFCCB62386A7CB1B205;27409.
 ) 
Here is how much of TeX's memory you used:
 32426 strings out of 468441
 673457 string characters out of 5449220
 1135742 words of memory out of 5000000
 60253 multiletter control sequences out of 15000+600000
 630473 words of font info for 118 fonts, out of 8000000 for 9000
 1349 hyphenation exceptions out of 8191
 84i,13n,93p,1202b,695s stack positions out of 10000i,1000n,20000p,200000b,200000s

Output written on Neoway_Manual.pdf (40 pages).
