\BOOKMARK [0][-]{chapter.1}{\376\377\127\372\170\100\124\175\116\344}{}% 1
\BOOKMARK [1][-]{section.1.1}{\376\377\000A\000T\000I\377\032\203\267\123\326\152\041\176\304\123\202\125\106\117\341\140\157}{chapter.1}% 2
\BOOKMARK [2][-]{subsection.1.1.1}{\376\377\124\175\116\344\150\074\137\017}{section.1.1}% 3
\BOOKMARK [3][-]{subsubsection*.3}{\376\377\142\147\210\114\124\175\116\344}{subsection.1.1.1}% 4
\BOOKMARK [2][-]{subsection.1.1.2}{\376\377\123\302\145\160}{section.1.1}% 5
\BOOKMARK [2][-]{subsection.1.1.3}{\376\377\124\175\116\344\171\072\117\213}{section.1.1}% 6
\BOOKMARK [2][-]{subsection.1.1.4}{\376\377\213\364\146\016}{section.1.1}% 7
\BOOKMARK [1][-]{section.1.2}{\376\377\000A\000T\000+\000G\000M\000R\377\032\147\345\213\342\162\110\147\054\117\341\140\157}{chapter.1}% 8
\BOOKMARK [2][-]{subsection.1.2.1}{\376\377\124\175\116\344\150\074\137\017}{section.1.2}% 9
\BOOKMARK [3][-]{subsubsection*.4}{\376\377\142\147\210\114\124\175\116\344}{subsection.1.2.1}% 10
\BOOKMARK [2][-]{subsection.1.2.2}{\376\377\123\302\145\160}{section.1.2}% 11
\BOOKMARK [2][-]{subsection.1.2.3}{\376\377\124\175\116\344\171\072\117\213}{section.1.2}% 12
\BOOKMARK [2][-]{subsection.1.2.4}{\376\377\213\364\146\016}{section.1.2}% 13
\BOOKMARK [1][-]{section.1.3}{\376\377\000A\000T\000+\000C\000S\000Q\377\032\203\267\123\326\117\341\123\367\137\072\136\246}{chapter.1}% 14
\BOOKMARK [2][-]{subsection.1.3.1}{\376\377\124\175\116\344\150\074\137\017}{section.1.3}% 15
\BOOKMARK [3][-]{subsubsection*.5}{\376\377\142\147\210\114\124\175\116\344}{subsection.1.3.1}% 16
\BOOKMARK [2][-]{subsection.1.3.2}{\376\377\123\302\145\160}{section.1.3}% 17
\BOOKMARK [2][-]{subsection.1.3.3}{\376\377\124\175\116\344\171\072\117\213}{section.1.3}% 18
\BOOKMARK [2][-]{subsection.1.3.4}{\376\377\213\364\146\016}{section.1.3}% 19
\BOOKMARK [1][-]{section.1.4}{\376\377\000A\000T\000+\000C\000R\000E\000G\377\032\147\345\213\342\177\121\176\334\154\350\121\214\162\266\140\001}{chapter.1}% 20
\BOOKMARK [2][-]{subsection.1.4.1}{\376\377\124\175\116\344\150\074\137\017}{section.1.4}% 21
\BOOKMARK [3][-]{subsubsection*.6}{\376\377\142\147\210\114\124\175\116\344}{subsection.1.4.1}% 22
\BOOKMARK [2][-]{subsection.1.4.2}{\376\377\123\302\145\160}{section.1.4}% 23
\BOOKMARK [2][-]{subsection.1.4.3}{\376\377\124\175\116\344\171\072\117\213}{section.1.4}% 24
\BOOKMARK [2][-]{subsection.1.4.4}{\376\377\213\364\146\016}{section.1.4}% 25
\BOOKMARK [1][-]{section.1.5}{\376\377\000A\000T\000+\000C\000E\000R\000E\000G\377\032\203\267\123\326\000E\000P\000S\177\121\176\334\154\350\121\214\162\266\140\001}{chapter.1}% 26
\BOOKMARK [2][-]{subsection.1.5.1}{\376\377\124\175\116\344\150\074\137\017}{section.1.5}% 27
\BOOKMARK [3][-]{subsubsection*.7}{\376\377\142\147\210\114\124\175\116\344}{subsection.1.5.1}% 28
\BOOKMARK [2][-]{subsection.1.5.2}{\376\377\123\302\145\160}{section.1.5}% 29
\BOOKMARK [2][-]{subsection.1.5.3}{\376\377\124\175\116\344\171\072\117\213}{section.1.5}% 30
\BOOKMARK [2][-]{subsection.1.5.4}{\376\377\213\364\146\016}{section.1.5}% 31
\BOOKMARK [1][-]{section.1.6}{\376\377\000A\000T\000+\000C\000O\000P\000S\377\032\177\121\176\334\220\011\142\351}{chapter.1}% 32
\BOOKMARK [2][-]{subsection.1.6.1}{\376\377\124\175\116\344\150\074\137\017}{section.1.6}% 33
\BOOKMARK [3][-]{subsubsection*.8}{\376\377\142\147\210\114\124\175\116\344}{subsection.1.6.1}% 34
\BOOKMARK [2][-]{subsection.1.6.2}{\376\377\123\302\145\160}{section.1.6}% 35
\BOOKMARK [2][-]{subsection.1.6.3}{\376\377\124\175\116\344\171\072\117\213}{section.1.6}% 36
\BOOKMARK [2][-]{subsection.1.6.4}{\376\377\213\364\146\016}{section.1.6}% 37
\BOOKMARK [1][-]{section.1.7}{\376\377\000A\000T\000+\000C\000I\000M\000I\377\032\147\345\213\342\126\375\226\105\171\373\122\250\165\050\142\067\213\306\122\053\170\001}{chapter.1}% 38
\BOOKMARK [2][-]{subsection.1.7.1}{\376\377\124\175\116\344\150\074\137\017}{section.1.7}% 39
\BOOKMARK [3][-]{subsubsection*.9}{\376\377\142\147\210\114\124\175\116\344}{subsection.1.7.1}% 40
\BOOKMARK [2][-]{subsection.1.7.2}{\376\377\123\302\145\160}{section.1.7}% 41
\BOOKMARK [2][-]{subsection.1.7.3}{\376\377\124\175\116\344\171\072\117\213}{section.1.7}% 42
\BOOKMARK [2][-]{subsection.1.7.4}{\376\377\213\364\146\016}{section.1.7}% 43
\BOOKMARK [1][-]{section.1.8}{\376\377\000A\000T\000+\000C\000G\000S\000N\377\032\203\267\123\326\220\032\117\341\152\041\176\304\000I\000M\000E\000I\123\367}{chapter.1}% 44
\BOOKMARK [2][-]{subsection.1.8.1}{\376\377\124\175\116\344\150\074\137\017}{section.1.8}% 45
\BOOKMARK [3][-]{subsubsection*.10}{\376\377\142\147\210\114\124\175\116\344}{subsection.1.8.1}% 46
\BOOKMARK [2][-]{subsection.1.8.2}{\376\377\123\302\145\160}{section.1.8}% 47
\BOOKMARK [2][-]{subsection.1.8.3}{\376\377\124\175\116\344\171\072\117\213}{section.1.8}% 48
\BOOKMARK [2][-]{subsection.1.8.4}{\376\377\213\364\146\016}{section.1.8}% 49
\BOOKMARK [1][-]{section.1.9}{\376\377\000A\000T\000+\000G\000S\000N\377\032\203\267\123\326\220\032\117\341\152\041\176\304\000I\000M\000E\000I\123\367}{chapter.1}% 50
\BOOKMARK [2][-]{subsection.1.9.1}{\376\377\124\175\116\344\150\074\137\017}{section.1.9}% 51
\BOOKMARK [3][-]{subsubsection*.11}{\376\377\142\147\210\114\124\175\116\344}{subsection.1.9.1}% 52
\BOOKMARK [2][-]{subsection.1.9.2}{\376\377\123\302\145\160}{section.1.9}% 53
\BOOKMARK [2][-]{subsection.1.9.3}{\376\377\124\175\116\344\171\072\117\213}{section.1.9}% 54
\BOOKMARK [2][-]{subsection.1.9.4}{\376\377\213\364\146\016}{section.1.9}% 55
\BOOKMARK [1][-]{section.1.10}{\376\377\000A\000T\000+\000C\000C\000I\000D\377\032\203\267\123\326\000S\000I\000M\123\141\150\007\213\306}{chapter.1}% 56
\BOOKMARK [2][-]{subsection.1.10.1}{\376\377\124\175\116\344\150\074\137\017}{section.1.10}% 57
\BOOKMARK [3][-]{subsubsection*.12}{\376\377\142\147\210\114\124\175\116\344}{subsection.1.10.1}% 58
\BOOKMARK [2][-]{subsection.1.10.2}{\376\377\123\302\145\160}{section.1.10}% 59
\BOOKMARK [2][-]{subsection.1.10.3}{\376\377\124\175\116\344\171\072\117\213}{section.1.10}% 60
\BOOKMARK [2][-]{subsection.1.10.4}{\376\377\213\364\146\016}{section.1.10}% 61
\BOOKMARK [1][-]{section.1.11}{\376\377\000A\000T\000+\000C\000G\000M\000M\377\032\147\345\213\342\152\041\176\304\127\213\123\367}{chapter.1}% 62
\BOOKMARK [2][-]{subsection.1.11.1}{\376\377\124\175\116\344\150\074\137\017}{section.1.11}% 63
\BOOKMARK [3][-]{subsubsection*.13}{\376\377\142\147\210\114\124\175\116\344}{subsection.1.11.1}% 64
\BOOKMARK [2][-]{subsection.1.11.2}{\376\377\123\302\145\160}{section.1.11}% 65
\BOOKMARK [2][-]{subsection.1.11.3}{\376\377\124\175\116\344\171\072\117\213}{section.1.11}% 66
\BOOKMARK [2][-]{subsection.1.11.4}{\376\377\213\364\146\016}{section.1.11}% 67
\BOOKMARK [1][-]{section.1.12}{\376\377\000A\000T\000+\000G\000M\000M\377\032\147\345\213\342\152\041\176\304\127\213\123\367}{chapter.1}% 68
\BOOKMARK [2][-]{subsection.1.12.1}{\376\377\124\175\116\344\150\074\137\017}{section.1.12}% 69
\BOOKMARK [3][-]{subsubsection*.14}{\376\377\142\147\210\114\124\175\116\344}{subsection.1.12.1}% 70
\BOOKMARK [2][-]{subsection.1.12.2}{\376\377\123\302\145\160}{section.1.12}% 71
\BOOKMARK [2][-]{subsection.1.12.3}{\376\377\124\175\116\344\171\072\117\213}{section.1.12}% 72
\BOOKMARK [2][-]{subsection.1.12.4}{\376\377\213\364\146\016}{section.1.12}% 73
\BOOKMARK [1][-]{section.1.13}{\376\377\000A\000T\000+\000I\000P\000R\377\032\213\276\177\156\152\041\176\304\154\342\162\171\163\207}{chapter.1}% 74
\BOOKMARK [2][-]{subsection.1.13.1}{\376\377\124\175\116\344\150\074\137\017}{section.1.13}% 75
\BOOKMARK [3][-]{subsubsection*.15}{\376\377\142\147\210\114\124\175\116\344}{subsection.1.13.1}% 76
\BOOKMARK [2][-]{subsection.1.13.2}{\376\377\123\302\145\160}{section.1.13}% 77
\BOOKMARK [2][-]{subsection.1.13.3}{\376\377\124\175\116\344\171\072\117\213}{section.1.13}% 78
\BOOKMARK [2][-]{subsection.1.13.4}{\376\377\213\364\146\016}{section.1.13}% 79
\BOOKMARK [1][-]{section.1.14}{\376\377\000A\000T\000+\000C\000F\000U\000N\377\032\213\276\177\156\152\041\176\304\122\237\200\375}{chapter.1}% 80
\BOOKMARK [2][-]{subsection.1.14.1}{\376\377\124\175\116\344\150\074\137\017}{section.1.14}% 81
\BOOKMARK [3][-]{subsubsection*.16}{\376\377\142\147\210\114\124\175\116\344}{subsection.1.14.1}% 82
\BOOKMARK [2][-]{subsection.1.14.2}{\376\377\123\302\145\160}{section.1.14}% 83
\BOOKMARK [2][-]{subsection.1.14.3}{\376\377\124\175\116\344\171\072\117\213}{section.1.14}% 84
\BOOKMARK [2][-]{subsection.1.14.4}{\376\377\213\364\146\016}{section.1.14}% 85
\BOOKMARK [1][-]{section.1.15}{\376\377\000A\000T\000+\000C\000M\000U\000X\377\032\116\062\123\343\131\032\215\357\131\015\165\050\143\007\116\344}{chapter.1}% 86
\BOOKMARK [2][-]{subsection.1.15.1}{\376\377\124\175\116\344\150\074\137\017}{section.1.15}% 87
\BOOKMARK [3][-]{subsubsection*.17}{\376\377\142\147\210\114\124\175\116\344}{subsection.1.15.1}% 88
\BOOKMARK [2][-]{subsection.1.15.2}{\376\377\123\302\145\160}{section.1.15}% 89
\BOOKMARK [2][-]{subsection.1.15.3}{\376\377\124\175\116\344\171\072\117\213}{section.1.15}% 90
\BOOKMARK [2][-]{subsection.1.15.4}{\376\377\213\364\146\016}{section.1.15}% 91
\BOOKMARK [1][-]{section.1.16}{\376\377\000A\000T\000+\000C\000C\000L\000K\377\032\145\366\224\237\173\241\164\006}{chapter.1}% 92
\BOOKMARK [2][-]{subsection.1.16.1}{\376\377\124\175\116\344\150\074\137\017}{section.1.16}% 93
\BOOKMARK [3][-]{subsubsection*.18}{\376\377\142\147\210\114\124\175\116\344}{subsection.1.16.1}% 94
\BOOKMARK [2][-]{subsection.1.16.2}{\376\377\123\302\145\160}{section.1.16}% 95
\BOOKMARK [2][-]{subsection.1.16.3}{\376\377\124\175\116\344\171\072\117\213}{section.1.16}% 96
\BOOKMARK [2][-]{subsection.1.16.4}{\376\377\213\364\146\016}{section.1.16}% 97
\BOOKMARK [1][-]{section.1.17}{\376\377\000A\000T\000+\000C\000P\000I\000N\377\032\217\223\121\145\000P\000I\000N\170\001}{chapter.1}% 98
\BOOKMARK [2][-]{subsection.1.17.1}{\376\377\124\175\116\344\150\074\137\017}{section.1.17}% 99
\BOOKMARK [3][-]{subsubsection*.19}{\376\377\142\147\210\114\124\175\116\344}{subsection.1.17.1}% 100
\BOOKMARK [2][-]{subsection.1.17.2}{\376\377\123\302\145\160}{section.1.17}% 101
\BOOKMARK [2][-]{subsection.1.17.3}{\376\377\124\175\116\344\171\072\117\213}{section.1.17}% 102
\BOOKMARK [2][-]{subsection.1.17.4}{\376\377\213\364\146\016}{section.1.17}% 103
\BOOKMARK [1][-]{section.1.18}{\376\377\000A\000T\000+\000C\000L\000C\000K\377\032\000P\000I\000N\117\177\200\375\116\016\147\345\213\342\122\237\200\375\143\007\116\344}{chapter.1}% 104
\BOOKMARK [2][-]{subsection.1.18.1}{\376\377\124\175\116\344\150\074\137\017}{section.1.18}% 105
\BOOKMARK [3][-]{subsubsection*.20}{\376\377\142\147\210\114\124\175\116\344}{subsection.1.18.1}% 106
\BOOKMARK [2][-]{subsection.1.18.2}{\376\377\123\302\145\160}{section.1.18}% 107
\BOOKMARK [2][-]{subsection.1.18.3}{\376\377\124\175\116\344\171\072\117\213}{section.1.18}% 108
\BOOKMARK [2][-]{subsection.1.18.4}{\376\377\213\364\146\016}{section.1.18}% 109
\BOOKMARK [1][-]{section.1.19}{\376\377\000A\000T\000+\000C\000P\000W\000D\377\032\117\356\145\071\133\306\170\001\143\007\116\344}{chapter.1}% 110
\BOOKMARK [2][-]{subsection.1.19.1}{\376\377\124\175\116\344\150\074\137\017}{section.1.19}% 111
\BOOKMARK [3][-]{subsubsection*.21}{\376\377\142\147\210\114\124\175\116\344}{subsection.1.19.1}% 112
\BOOKMARK [2][-]{subsection.1.19.2}{\376\377\123\302\145\160}{section.1.19}% 113
\BOOKMARK [2][-]{subsection.1.19.3}{\376\377\124\175\116\344\171\072\117\213}{section.1.19}% 114
\BOOKMARK [2][-]{subsection.1.19.4}{\376\377\213\364\146\016}{section.1.19}% 115
\BOOKMARK [1][-]{section.1.20}{\376\377\000A\000T\000+\000C\000G\000D\000C\000O\000N\000T\377\032\213\276\177\156\000P\000D\000P\150\074\137\017}{chapter.1}% 116
\BOOKMARK [2][-]{subsection.1.20.1}{\376\377\124\175\116\344\150\074\137\017}{section.1.20}% 117
\BOOKMARK [3][-]{subsubsection*.22}{\376\377\142\147\210\114\124\175\116\344}{subsection.1.20.1}% 118
\BOOKMARK [2][-]{subsection.1.20.2}{\376\377\123\302\145\160}{section.1.20}% 119
\BOOKMARK [2][-]{subsection.1.20.3}{\376\377\124\175\116\344\171\072\117\213}{section.1.20}% 120
\BOOKMARK [2][-]{subsection.1.20.4}{\376\377\213\364\146\016}{section.1.20}% 121
\BOOKMARK [1][-]{section.1.21}{\376\377\000A\000T\000+\000X\000G\000A\000U\000T\000H\377\032\165\050\142\067\213\244\213\301}{chapter.1}% 122
\BOOKMARK [2][-]{subsection.1.21.1}{\376\377\124\175\116\344\150\074\137\017}{section.1.21}% 123
\BOOKMARK [3][-]{subsubsection*.23}{\376\377\142\147\210\114\124\175\116\344}{subsection.1.21.1}% 124
\BOOKMARK [2][-]{subsection.1.21.2}{\376\377\123\302\145\160}{section.1.21}% 125
\BOOKMARK [2][-]{subsection.1.21.3}{\376\377\124\175\116\344\171\072\117\213}{section.1.21}% 126
\BOOKMARK [2][-]{subsection.1.21.4}{\376\377\213\364\146\016}{section.1.21}% 127
\BOOKMARK [1][-]{section.1.22}{\376\377\000A\000T\000+\000C\000G\000A\000T\000T\377\032\213\276\177\156\000G\000P\000R\000S\226\104\167\100\124\214\122\006\171\273}{chapter.1}% 128
\BOOKMARK [2][-]{subsection.1.22.1}{\376\377\124\175\116\344\150\074\137\017}{section.1.22}% 129
\BOOKMARK [3][-]{subsubsection*.24}{\376\377\142\147\210\114\124\175\116\344}{subsection.1.22.1}% 130
\BOOKMARK [2][-]{subsection.1.22.2}{\376\377\123\302\145\160}{section.1.22}% 131
\BOOKMARK [2][-]{subsection.1.22.3}{\376\377\124\175\116\344\171\072\117\213}{section.1.22}% 132
\BOOKMARK [2][-]{subsection.1.22.4}{\376\377\213\364\146\016}{section.1.22}% 133
\BOOKMARK [1][-]{section.1.23}{\376\377\000A\000T\000E\0001\377\032\000/\000A\000T\000E\0000\377\032\142\123\137\000\000\046\121\163\225\355\126\336\146\076}{chapter.1}% 134
\BOOKMARK [2][-]{subsection.1.23.1}{\376\377\124\175\116\344\150\074\137\017}{section.1.23}% 135
\BOOKMARK [3][-]{subsubsection*.25}{\376\377\142\147\210\114\124\175\116\344}{subsection.1.23.1}% 136
\BOOKMARK [2][-]{subsection.1.23.2}{\376\377\123\302\145\160}{section.1.23}% 137
\BOOKMARK [2][-]{subsection.1.23.3}{\376\377\124\175\116\344\171\072\117\213}{section.1.23}% 138
\BOOKMARK [2][-]{subsection.1.23.4}{\376\377\213\364\146\016}{section.1.23}% 139
\BOOKMARK [1][-]{section.1.24}{\376\377\000A\000T\000D\377\032\000r\000e\000d\000*\0009\0009\000\043\377\032\000G\000P\000R\000S}{chapter.1}% 140
\BOOKMARK [2][-]{subsection.1.24.1}{\376\377\124\175\116\344\150\074\137\017}{section.1.24}% 141
\BOOKMARK [3][-]{subsubsection*.26}{\376\377\142\147\210\114\124\175\116\344}{subsection.1.24.1}% 142
\BOOKMARK [2][-]{subsection.1.24.2}{\376\377\123\302\145\160}{section.1.24}% 143
\BOOKMARK [2][-]{subsection.1.24.3}{\376\377\124\175\116\344\171\072\117\213}{section.1.24}% 144
\BOOKMARK [2][-]{subsection.1.24.4}{\376\377\213\364\146\016}{section.1.24}% 145
\BOOKMARK [1][-]{section.1.25}{\376\377\000A\000T\000+\000C\000E\000S\000Q\377\032\142\151\134\125\117\341\123\367\137\072\136\246}{chapter.1}% 146
\BOOKMARK [2][-]{subsection.1.25.1}{\376\377\124\175\116\344\150\074\137\017}{section.1.25}% 147
\BOOKMARK [3][-]{subsubsection*.27}{\376\377\142\147\210\114\124\175\116\344}{subsection.1.25.1}% 148
\BOOKMARK [2][-]{subsection.1.25.2}{\376\377\123\302\145\160}{section.1.25}% 149
\BOOKMARK [2][-]{subsection.1.25.3}{\376\377\124\175\116\344\171\072\117\213}{section.1.25}% 150
\BOOKMARK [2][-]{subsection.1.25.4}{\376\377\213\364\146\016}{section.1.25}% 151
\BOOKMARK [1][-]{section.1.26}{\376\377\000A\000T\000+\000N\000W\000D\000N\000S\377\032\127\337\124\015\211\343\147\220}{chapter.1}% 152
\BOOKMARK [2][-]{subsection.1.26.1}{\376\377\124\175\116\344\150\074\137\017}{section.1.26}% 153
\BOOKMARK [3][-]{subsubsection*.28}{\376\377\142\147\210\114\124\175\116\344}{subsection.1.26.1}% 154
\BOOKMARK [2][-]{subsection.1.26.2}{\376\377\123\302\145\160}{section.1.26}% 155
\BOOKMARK [2][-]{subsection.1.26.3}{\376\377\124\175\116\344\171\072\117\213}{section.1.26}% 156
\BOOKMARK [2][-]{subsection.1.26.4}{\376\377\213\364\146\016}{section.1.26}% 157
\BOOKMARK [1][-]{section.1.27}{\376\377\000A\000T\000+\000N\000W\000E\000N\000P\000W\000R\000S\000A\000V\000E\377\032\117\021\167\040\377\010\000S\000l\000e\000e\000p\377\011\213\276\177\156}{chapter.1}% 158
\BOOKMARK [2][-]{subsection.1.27.1}{\376\377\124\175\116\344\150\074\137\017}{section.1.27}% 159
\BOOKMARK [3][-]{subsubsection*.29}{\376\377\142\147\210\114\124\175\116\344}{subsection.1.27.1}% 160
\BOOKMARK [2][-]{subsection.1.27.2}{\376\377\123\302\145\160}{section.1.27}% 161
\BOOKMARK [2][-]{subsection.1.27.3}{\376\377\124\175\116\344\171\072\117\213}{section.1.27}% 162
\BOOKMARK [2][-]{subsection.1.27.4}{\376\377\213\364\146\016}{section.1.27}% 163
\BOOKMARK [1][-]{section.1.28}{\376\377\000A\000T\000+\000N\000W\000P\000W\000R\000O\000F\000F\377\032\152\041\176\304\121\163\147\072\143\007\116\344}{chapter.1}% 164
\BOOKMARK [2][-]{subsection.1.28.1}{\376\377\124\175\116\344\150\074\137\017}{section.1.28}% 165
\BOOKMARK [3][-]{subsubsection*.30}{\376\377\142\147\210\114\124\175\116\344}{subsection.1.28.1}% 166
\BOOKMARK [2][-]{subsection.1.28.2}{\376\377\123\302\145\160}{section.1.28}% 167
\BOOKMARK [2][-]{subsection.1.28.3}{\376\377\124\175\116\344\171\072\117\213}{section.1.28}% 168
\BOOKMARK [2][-]{subsection.1.28.4}{\376\377\213\364\146\016}{section.1.28}% 169
\BOOKMARK [1][-]{section.1.29}{\376\377\000A\000T\000+\000N\000W\000R\000F\000T\000E\000S\000T\377\032\152\041\176\304\137\072\123\321\137\072\145\066\143\007\116\344\377\010\116\305\123\357\165\050\116\216\155\113\213\325\377\011}{chapter.1}% 170
\BOOKMARK [2][-]{subsection.1.29.1}{\376\377\124\175\116\344\150\074\137\017}{section.1.29}% 171
\BOOKMARK [3][-]{subsubsection*.31}{\376\377\142\147\210\114\124\175\116\344}{subsection.1.29.1}% 172
\BOOKMARK [2][-]{subsection.1.29.2}{\376\377\123\302\145\160}{section.1.29}% 173
\BOOKMARK [2][-]{subsection.1.29.3}{\376\377\124\175\116\344\171\072\117\213}{section.1.29}% 174
\BOOKMARK [2][-]{subsection.1.29.4}{\376\377\213\364\146\016}{section.1.29}% 175
\BOOKMARK [1][-]{section.1.30}{\376\377\000A\000T\000+\000N\000S\000T\000G\000E\000T\000R\000S\000S\000I\377\032\203\267\123\326\137\072\145\066\152\041\137\017\116\013\152\041\176\304\166\204\143\245\145\066\122\237\163\207\377\010\116\305\123\357\165\050\116\216\155\113\213\325\377\011}{chapter.1}% 176
\BOOKMARK [2][-]{subsection.1.30.1}{\376\377\124\175\116\344\150\074\137\017}{section.1.30}% 177
\BOOKMARK [3][-]{subsubsection*.32}{\376\377\142\147\210\114\124\175\116\344}{subsection.1.30.1}% 178
\BOOKMARK [2][-]{subsection.1.30.2}{\376\377\123\302\145\160}{section.1.30}% 179
\BOOKMARK [2][-]{subsection.1.30.3}{\376\377\124\175\116\344\171\072\117\213}{section.1.30}% 180
\BOOKMARK [2][-]{subsection.1.30.4}{\376\377\213\364\146\016}{section.1.30}% 181
\BOOKMARK [0][-]{chapter.2}{\376\377\000S\000M\000S\124\175\116\344}{}% 182
\BOOKMARK [1][-]{section.2.1}{\376\377\000A\000T\000+\000C\000S\000M\000S\377\032\220\011\142\351\167\355\117\341\147\015\122\241}{chapter.2}% 183
\BOOKMARK [2][-]{subsection.2.1.1}{\376\377\124\175\116\344\150\074\137\017}{section.2.1}% 184
\BOOKMARK [3][-]{subsubsection*.33}{\376\377\142\147\210\114\124\175\116\344}{subsection.2.1.1}% 185
\BOOKMARK [3][-]{subsubsection*.34}{\376\377\147\345\213\342\124\175\116\344}{subsection.2.1.1}% 186
\BOOKMARK [3][-]{subsubsection*.35}{\376\377\155\113\213\325\124\175\116\344}{subsection.2.1.1}% 187
\BOOKMARK [2][-]{subsection.2.1.2}{\376\377\123\302\145\160}{section.2.1}% 188
\BOOKMARK [2][-]{subsection.2.1.3}{\376\377\124\175\116\344\171\072\117\213}{section.2.1}% 189
\BOOKMARK [2][-]{subsection.2.1.4}{\376\377\213\364\146\016}{section.2.1}% 190
\BOOKMARK [1][-]{section.2.2}{\376\377\000A\000T\000+\000C\000P\000M\000S\377\032\231\226\220\011\167\355\117\341\133\130\120\250\126\150}{chapter.2}% 191
\BOOKMARK [2][-]{subsection.2.2.1}{\376\377\124\175\116\344\150\074\137\017}{section.2.2}% 192
\BOOKMARK [3][-]{subsubsection*.36}{\376\377\142\147\210\114\124\175\116\344}{subsection.2.2.1}% 193
\BOOKMARK [2][-]{subsection.2.2.2}{\376\377\123\302\145\160}{section.2.2}% 194
\BOOKMARK [2][-]{subsection.2.2.3}{\376\377\124\175\116\344\171\072\117\213}{section.2.2}% 195
\BOOKMARK [2][-]{subsection.2.2.4}{\376\377\213\364\146\016}{section.2.2}% 196
\BOOKMARK [1][-]{section.2.3}{\376\377\000A\000T\000+\000C\000M\000G\000F\377\032\213\276\177\156\167\355\155\210\140\157\152\041\137\017}{chapter.2}% 197
\BOOKMARK [2][-]{subsection.2.3.1}{\376\377\124\175\116\344\150\074\137\017}{section.2.3}% 198
\BOOKMARK [3][-]{subsubsection*.37}{\376\377\142\147\210\114\124\175\116\344}{subsection.2.3.1}% 199
\BOOKMARK [2][-]{subsection.2.3.2}{\376\377\123\302\145\160}{section.2.3}% 200
\BOOKMARK [2][-]{subsection.2.3.3}{\376\377\124\175\116\344\171\072\117\213}{section.2.3}% 201
\BOOKMARK [2][-]{subsection.2.3.4}{\376\377\213\364\146\016}{section.2.3}% 202
\BOOKMARK [1][-]{section.2.4}{\376\377\000A\000T\000+\000C\000S\000C\000S\377\032\213\276\177\156\000T\000E\133\127\173\046\226\306}{chapter.2}% 203
\BOOKMARK [2][-]{subsection.2.4.1}{\376\377\124\175\116\344\150\074\137\017}{section.2.4}% 204
\BOOKMARK [3][-]{subsubsection*.38}{\376\377\142\147\210\114\124\175\116\344}{subsection.2.4.1}% 205
\BOOKMARK [2][-]{subsection.2.4.2}{\376\377\123\302\145\160}{section.2.4}% 206
\BOOKMARK [2][-]{subsection.2.4.3}{\376\377\124\175\116\344\171\072\117\213}{section.2.4}% 207
\BOOKMARK [2][-]{subsection.2.4.4}{\376\377\213\364\146\016}{section.2.4}% 208
\BOOKMARK [1][-]{section.2.5}{\376\377\000A\000T\000+\000C\000N\000M\000I\377\032\213\276\177\156\167\355\117\341\143\007\171\072\150\074\137\017}{chapter.2}% 209
\BOOKMARK [2][-]{subsection.2.5.1}{\376\377\124\175\116\344\150\074\137\017}{section.2.5}% 210
\BOOKMARK [3][-]{subsubsection*.39}{\376\377\142\147\210\114\124\175\116\344}{subsection.2.5.1}% 211
\BOOKMARK [2][-]{subsection.2.5.2}{\376\377\123\302\145\160}{section.2.5}% 212
\BOOKMARK [2][-]{subsection.2.5.3}{\376\377\124\175\116\344\171\072\117\213}{section.2.5}% 213
\BOOKMARK [2][-]{subsection.2.5.4}{\376\377\213\364\146\016}{section.2.5}% 214
\BOOKMARK [1][-]{section.2.6}{\376\377\000A\000T\000+\000C\000M\000G\000R\377\032\213\373\167\355\155\210\140\157}{chapter.2}% 215
\BOOKMARK [2][-]{subsection.2.6.1}{\376\377\124\175\116\344\150\074\137\017}{section.2.6}% 216
\BOOKMARK [3][-]{subsubsection*.40}{\376\377\142\147\210\114\124\175\116\344}{subsection.2.6.1}% 217
\BOOKMARK [2][-]{subsection.2.6.2}{\376\377\123\302\145\160}{section.2.6}% 218
\BOOKMARK [2][-]{subsection.2.6.3}{\376\377\124\175\116\344\171\072\117\213}{section.2.6}% 219
\BOOKMARK [2][-]{subsection.2.6.4}{\376\377\213\364\146\016}{section.2.6}% 220
\BOOKMARK [1][-]{section.2.7}{\376\377\000A\000T\000+\000C\000M\000G\000L\377\032\167\355\117\341\122\027\210\150}{chapter.2}% 221
\BOOKMARK [2][-]{subsection.2.7.1}{\376\377\124\175\116\344\150\074\137\017}{section.2.7}% 222
\BOOKMARK [3][-]{subsubsection*.41}{\376\377\142\147\210\114\124\175\116\344}{subsection.2.7.1}% 223
\BOOKMARK [2][-]{subsection.2.7.2}{\376\377\123\302\145\160}{section.2.7}% 224
\BOOKMARK [2][-]{subsection.2.7.3}{\376\377\124\175\116\344\171\072\117\213}{section.2.7}% 225
\BOOKMARK [2][-]{subsection.2.7.4}{\376\377\213\364\146\016}{section.2.7}% 226
\BOOKMARK [1][-]{section.2.8}{\376\377\000A\000T\000+\000C\000M\000G\000S\377\032\123\321\220\001\167\355\155\210\140\157}{chapter.2}% 227
\BOOKMARK [2][-]{subsection.2.8.1}{\376\377\124\175\116\344\150\074\137\017}{section.2.8}% 228
\BOOKMARK [3][-]{subsubsection*.42}{\376\377\142\147\210\114\124\175\116\344}{subsection.2.8.1}% 229
\BOOKMARK [2][-]{subsection.2.8.2}{\376\377\123\302\145\160}{section.2.8}% 230
\BOOKMARK [2][-]{subsection.2.8.3}{\376\377\124\175\116\344\171\072\117\213}{section.2.8}% 231
\BOOKMARK [2][-]{subsection.2.8.4}{\376\377\213\364\146\016}{section.2.8}% 232
\BOOKMARK [1][-]{section.2.9}{\376\377\000A\000T\000+\000C\000M\000G\000W\377\032\121\231\167\355\155\210\140\157}{chapter.2}% 233
\BOOKMARK [2][-]{subsection.2.9.1}{\376\377\124\175\116\344\150\074\137\017}{section.2.9}% 234
\BOOKMARK [3][-]{subsubsection*.43}{\376\377\142\147\210\114\124\175\116\344}{subsection.2.9.1}% 235
\BOOKMARK [2][-]{subsection.2.9.2}{\376\377\123\302\145\160}{section.2.9}% 236
\BOOKMARK [2][-]{subsection.2.9.3}{\376\377\124\175\116\344\171\072\117\213}{section.2.9}% 237
\BOOKMARK [2][-]{subsection.2.9.4}{\376\377\213\364\146\016}{section.2.9}% 238
\BOOKMARK [1][-]{section.2.10}{\376\377\000A\000T\000+\000C\000M\000S\000S\377\032\123\321\220\001\135\362\117\335\133\130\166\204\167\355\155\210\140\157}{chapter.2}% 239
\BOOKMARK [2][-]{subsection.2.10.1}{\376\377\124\175\116\344\150\074\137\017}{section.2.10}% 240
\BOOKMARK [3][-]{subsubsection*.44}{\376\377\142\147\210\114\124\175\116\344}{subsection.2.10.1}% 241
\BOOKMARK [2][-]{subsection.2.10.2}{\376\377\123\302\145\160}{section.2.10}% 242
\BOOKMARK [2][-]{subsection.2.10.3}{\376\377\124\175\116\344\171\072\117\213}{section.2.10}% 243
\BOOKMARK [2][-]{subsection.2.10.4}{\376\377\213\364\146\016}{section.2.10}% 244
\BOOKMARK [1][-]{section.2.11}{\376\377\000A\000T\000+\000C\000M\000G\000D\377\032\122\040\226\144\167\355\155\210\140\157}{chapter.2}% 245
\BOOKMARK [2][-]{subsection.2.11.1}{\376\377\124\175\116\344\150\074\137\017}{section.2.11}% 246
\BOOKMARK [3][-]{subsubsection*.45}{\376\377\142\147\210\114\124\175\116\344}{subsection.2.11.1}% 247
\BOOKMARK [2][-]{subsection.2.11.2}{\376\377\123\302\145\160}{section.2.11}% 248
\BOOKMARK [2][-]{subsection.2.11.3}{\376\377\124\175\116\344\171\072\117\213}{section.2.11}% 249
\BOOKMARK [2][-]{subsection.2.11.4}{\376\377\213\364\146\016}{section.2.11}% 250
\BOOKMARK [1][-]{section.2.12}{\376\377\000A\000T\000+\000C\000S\000C\000A\377\032\167\355\117\341\116\055\137\303\123\367\170\001}{chapter.2}% 251
\BOOKMARK [2][-]{subsection.2.12.1}{\376\377\124\175\116\344\150\074\137\017}{section.2.12}% 252
\BOOKMARK [3][-]{subsubsection*.46}{\376\377\142\147\210\114\124\175\116\344}{subsection.2.12.1}% 253
\BOOKMARK [2][-]{subsection.2.12.2}{\376\377\123\302\145\160}{section.2.12}% 254
\BOOKMARK [2][-]{subsection.2.12.3}{\376\377\124\175\116\344\171\072\117\213}{section.2.12}% 255
\BOOKMARK [2][-]{subsection.2.12.4}{\376\377\213\364\146\016}{section.2.12}% 256
\BOOKMARK [1][-]{section.2.13}{\376\377\000A\000T\000+\000C\000S\000M\000P\377\032\213\276\177\156\145\207\147\054\152\041\137\017\123\302\145\160}{chapter.2}% 257
\BOOKMARK [2][-]{subsection.2.13.1}{\376\377\124\175\116\344\150\074\137\017}{section.2.13}% 258
\BOOKMARK [3][-]{subsubsection*.47}{\376\377\142\147\210\114\124\175\116\344}{subsection.2.13.1}% 259
\BOOKMARK [2][-]{subsection.2.13.2}{\376\377\123\302\145\160}{section.2.13}% 260
\BOOKMARK [2][-]{subsection.2.13.3}{\376\377\124\175\116\344\171\072\117\213}{section.2.13}% 261
\BOOKMARK [2][-]{subsection.2.13.4}{\376\377\213\364\146\016}{section.2.13}% 262
\BOOKMARK [1][-]{section.2.14}{\376\377\000A\000T\000+\000C\000S\000D\000H\377\032\146\076\171\072\145\207\147\054\152\041\137\017\123\302\145\160}{chapter.2}% 263
\BOOKMARK [2][-]{subsection.2.14.1}{\376\377\124\175\116\344\150\074\137\017}{section.2.14}% 264
\BOOKMARK [3][-]{subsubsection*.48}{\376\377\142\147\210\114\124\175\116\344}{subsection.2.14.1}% 265
\BOOKMARK [2][-]{subsection.2.14.2}{\376\377\123\302\145\160}{section.2.14}% 266
\BOOKMARK [2][-]{subsection.2.14.3}{\376\377\124\175\116\344\171\072\117\213}{section.2.14}% 267
\BOOKMARK [2][-]{subsection.2.14.4}{\376\377\213\364\146\016}{section.2.14}% 268
\BOOKMARK [0][-]{chapter.3}{\376\377\226\104\137\125}{}% 269
